19/Nov/2021 15:49:54  Units settings: 
                      
                        Dimensions: nm
                        Frequency:  PHz
                        Time:       ps
                      
                      ------------------------------------------------------------------------------
19/Nov/2021 15:49:54  Boundary conditions: 
                      
                        YZsymmetry: none
                        XZsymmetry: none
                        XYsymmetry: none
                      
                        Xmin: unit cell
                        Xmax: unit cell
                      
                        Ymin: unit cell
                        Ymax: unit cell
                      
                        Zmin: expanded open
                        Zmax: expanded open
                      
                      ------------------------------------------------------------------------------
19/Nov/2021 15:49:54  Order settings: 
                      
                        Solver order   : 2nd (constant)
                        Curved elements: up to order 3 (automatic)
                      
                      ------------------------------------------------------------------------------
19/Nov/2021 15:49:55    Mesh time                :	1 s
                      
                      
                      ------------------------------------------------------------------------------
19/Nov/2021 15:49:55  
                      ================================================================================
                      Frequency Domain Solver calculation cycle started
                      
                      ------------------------------------------------------------------------------
19/Nov/2021 15:49:55  Solver started at: 03:49 PM Friday, 19. November 2021 (GMT Standard Time)
                      
                        Module:  Frequency Domain: S-Parameter (Win 64)
                        Version: 2021.1 Release from 2020-11-10 (change 826605)
                      
                      ------------------------------------------------------------------------------
19/Nov/2021 15:49:55  The low frequency stabilization is not applied to periodic problems.
                      
                      ------------------------------------------------------------------------------
19/Nov/2021 15:49:55    Calculation 1 of 1 (Frequency: 0.46122 PHz, Theta: 0, Phi: 0)
                      
                      
                      ------------------------------------------------------------------------------
19/Nov/2021 15:49:55  The wavelength based mesh refinement has been applied to 6.8% of all mesh edges.
                      
                      ------------------------------------------------------------------------------
19/Nov/2021 15:49:55  Adaptive mesh refinement pass 1
                      
                      ------------------------------------------------------------------------------
19/Nov/2021 15:49:56  Performing block excitation with block size 8 and 8 threads.  More...
                      
                      ------------------------------------------------------------------------------
19/Nov/2021 15:49:56    Matrix setup time        :	1 s
                        Degrees of freedom       :	9132
                        Number of mesh cells     :	1308
                      
                        Stimulation port         :	Zmin
                        Mode number              :	1
                        Accuracy                 :	8.18346e-05
                        Iterations               :	17
                        Solver time              :	0 s
                      
                      
                      ------------------------------------------------------------------------------
19/Nov/2021 15:49:56    Stimulation port         :	Zmin
                        Mode number              :	2
                        Accuracy                 :	5.76403e-05
                        Iterations               :	17
                        Solver time              :	0 s
                      
                      
                      ------------------------------------------------------------------------------
19/Nov/2021 15:49:56    Stimulation port         :	Zmin
                        Mode number              :	3
                        Accuracy                 :	5.62301e-05
                        Iterations               :	12
                        Solver time              :	0 s
                      
                      
                      ------------------------------------------------------------------------------
19/Nov/2021 15:49:56    Stimulation port         :	Zmin
                        Mode number              :	4
                        Accuracy                 :	4.8852e-05
                        Iterations               :	11
                        Solver time              :	0 s
                      
                      
                      ------------------------------------------------------------------------------
19/Nov/2021 15:49:56    Stimulation port         :	Zmin
                        Mode number              :	5
                        Accuracy                 :	9.4513e-05
                        Iterations               :	12
                        Solver time              :	0 s
                      
                      
                      ------------------------------------------------------------------------------
19/Nov/2021 15:49:56    Stimulation port         :	Zmin
                        Mode number              :	6
                        Accuracy                 :	5.70536e-05
                        Iterations               :	11
                        Solver time              :	0 s
                      
                      
                      ------------------------------------------------------------------------------
19/Nov/2021 15:49:56    Stimulation port         :	Zmax
                        Mode number              :	1
                        Accuracy                 :	6.07047e-05
                        Iterations               :	17
                        Solver time              :	0 s
                      
                      
                      ------------------------------------------------------------------------------
19/Nov/2021 15:49:56    Stimulation port         :	Zmax
                        Mode number              :	2
                        Accuracy                 :	8.12211e-05
                        Iterations               :	15
                        Solver time              :	0 s
                      
                      
                      ------------------------------------------------------------------------------
19/Nov/2021 15:49:56    Stimulation port         :	Zmax
                        Mode number              :	3
                        Accuracy                 :	4.7539e-05
                        Iterations               :	17
                        Solver time              :	0 s
                      
                      
                      ------------------------------------------------------------------------------
19/Nov/2021 15:49:56    Stimulation port         :	Zmax
                        Mode number              :	4
                        Accuracy                 :	6.14751e-05
                        Iterations               :	16
                        Solver time              :	0 s
                      
                      
                      ------------------------------------------------------------------------------
19/Nov/2021 15:49:56    Stimulation port         :	Zmax
                        Mode number              :	5
                        Accuracy                 :	8.71425e-05
                        Iterations               :	19
                        Solver time              :	0 s
                      
                      
                      ------------------------------------------------------------------------------
19/Nov/2021 15:49:56    Stimulation port         :	Zmax
                        Mode number              :	6
                        Accuracy                 :	8.92887e-05
                        Iterations               :	16
                        Solver time              :	0 s
                      
                      
                      ------------------------------------------------------------------------------
19/Nov/2021 15:49:57  11% of all mesh edges seem to be longer than expected. The adaptive mesh refinement's growth limitation will therefore 
                      use 2175 instead of 892 mesh cells as a reference.
                      
                      ------------------------------------------------------------------------------
19/Nov/2021 15:49:57  Adaptive mesh refinement pass 2
                      
                      ------------------------------------------------------------------------------
19/Nov/2021 15:49:58    Matrix setup time        :	0 s
                        Degrees of freedom       :	13952
                        Number of mesh cells     :	2009
                      
                        Stimulation port         :	Zmin
                        Mode number              :	1
                        Accuracy                 :	8.09706e-05
                        Iterations               :	13
                        Solver time              :	1 s
                      
                      
                      ------------------------------------------------------------------------------
19/Nov/2021 15:49:58    Stimulation port         :	Zmin
                        Mode number              :	2
                        Accuracy                 :	7.70938e-05
                        Iterations               :	13
                        Solver time              :	1 s
                      
                      
                      ------------------------------------------------------------------------------
19/Nov/2021 15:49:58    Stimulation port         :	Zmin
                        Mode number              :	3
                        Accuracy                 :	6.3033e-05
                        Iterations               :	12
                        Solver time              :	1 s
                      
                      
                      ------------------------------------------------------------------------------
19/Nov/2021 15:49:58    Stimulation port         :	Zmin
                        Mode number              :	4
                        Accuracy                 :	8.59425e-05
                        Iterations               :	13
                        Solver time              :	1 s
                      
                      
                      ------------------------------------------------------------------------------
19/Nov/2021 15:49:58    Stimulation port         :	Zmin
                        Mode number              :	5
                        Accuracy                 :	8.47845e-05
                        Iterations               :	12
                        Solver time              :	1 s
                      
                      
                      ------------------------------------------------------------------------------
19/Nov/2021 15:49:58    Stimulation port         :	Zmin
                        Mode number              :	6
                        Accuracy                 :	7.66057e-05
                        Iterations               :	11
                        Solver time              :	1 s
                      
                      
                      ------------------------------------------------------------------------------
19/Nov/2021 15:49:58    Stimulation port         :	Zmax
                        Mode number              :	1
                        Accuracy                 :	7.18298e-05
                        Iterations               :	13
                        Solver time              :	1 s
                      
                      
                      ------------------------------------------------------------------------------
19/Nov/2021 15:49:58    Stimulation port         :	Zmax
                        Mode number              :	2
                        Accuracy                 :	8.78084e-05
                        Iterations               :	13
                        Solver time              :	1 s
                      
                      
                      ------------------------------------------------------------------------------
19/Nov/2021 15:49:58    Stimulation port         :	Zmax
                        Mode number              :	3
                        Accuracy                 :	3.77434e-05
                        Iterations               :	12
                        Solver time              :	0 s
                      
                      
                      ------------------------------------------------------------------------------
19/Nov/2021 15:49:58    Stimulation port         :	Zmax
                        Mode number              :	4
                        Accuracy                 :	5.40277e-05
                        Iterations               :	12
                        Solver time              :	0 s
                      
                      
                      ------------------------------------------------------------------------------
19/Nov/2021 15:49:58    Stimulation port         :	Zmax
                        Mode number              :	5
                        Accuracy                 :	4.20367e-05
                        Iterations               :	10
                        Solver time              :	0 s
                      
                      
                      ------------------------------------------------------------------------------
19/Nov/2021 15:49:58    Stimulation port         :	Zmax
                        Mode number              :	6
                        Accuracy                 :	7.6903e-05
                        Iterations               :	10
                        Solver time              :	0 s
                      
                      
                      ------------------------------------------------------------------------------
19/Nov/2021 15:49:58    Delta calculation        
19/Nov/2021 15:49:58    All S-Parameters         :	0.00907304

                      ------------------------------------------------------------------------------
19/Nov/2021 15:49:58  Adaptive mesh refinement pass 3
                      
                      ------------------------------------------------------------------------------
19/Nov/2021 15:50:00    Matrix setup time        :	1 s
                        Degrees of freedom       :	18848
                        Number of mesh cells     :	2712
                      
                        Stimulation port         :	Zmin
                        Mode number              :	1
                        Accuracy                 :	7.55625e-05
                        Iterations               :	11
                        Solver time              :	0 s
                      
                      
                      ------------------------------------------------------------------------------
19/Nov/2021 15:50:00    Stimulation port         :	Zmin
                        Mode number              :	2
                        Accuracy                 :	9.03053e-05
                        Iterations               :	11
                        Solver time              :	0 s
                      
                      
                      ------------------------------------------------------------------------------
19/Nov/2021 15:50:00    Stimulation port         :	Zmin
                        Mode number              :	3
                        Accuracy                 :	9.40012e-05
                        Iterations               :	11
                        Solver time              :	0 s
                      
                      
                      ------------------------------------------------------------------------------
19/Nov/2021 15:50:00    Stimulation port         :	Zmin
                        Mode number              :	4
                        Accuracy                 :	7.51479e-05
                        Iterations               :	10
                        Solver time              :	0 s
                      
                      
                      ------------------------------------------------------------------------------
19/Nov/2021 15:50:00    Stimulation port         :	Zmin
                        Mode number              :	5
                        Accuracy                 :	7.6347e-05
                        Iterations               :	11
                        Solver time              :	0 s
                      
                      
                      ------------------------------------------------------------------------------
19/Nov/2021 15:50:00    Stimulation port         :	Zmin
                        Mode number              :	6
                        Accuracy                 :	5.63187e-05
                        Iterations               :	12
                        Solver time              :	0 s
                      
                      
                      ------------------------------------------------------------------------------
19/Nov/2021 15:50:00    Stimulation port         :	Zmax
                        Mode number              :	1
                        Accuracy                 :	6.21797e-05
                        Iterations               :	11
                        Solver time              :	0 s
                      
                      
                      ------------------------------------------------------------------------------
19/Nov/2021 15:50:00    Stimulation port         :	Zmax
                        Mode number              :	2
                        Accuracy                 :	6.32734e-05
                        Iterations               :	11
                        Solver time              :	0 s
                      
                      
                      ------------------------------------------------------------------------------
19/Nov/2021 15:50:00    Stimulation port         :	Zmax
                        Mode number              :	3
                        Accuracy                 :	6.397e-05
                        Iterations               :	10
                        Solver time              :	1 s
                      
                      
                      ------------------------------------------------------------------------------
19/Nov/2021 15:50:00    Stimulation port         :	Zmax
                        Mode number              :	4
                        Accuracy                 :	4.80749e-05
                        Iterations               :	9
                        Solver time              :	1 s
                      
                      
                      ------------------------------------------------------------------------------
19/Nov/2021 15:50:00    Stimulation port         :	Zmax
                        Mode number              :	5
                        Accuracy                 :	6.3078e-05
                        Iterations               :	10
                        Solver time              :	1 s
                      
                      
                      ------------------------------------------------------------------------------
19/Nov/2021 15:50:00    Stimulation port         :	Zmax
                        Mode number              :	6
                        Accuracy                 :	5.90444e-05
                        Iterations               :	10
                        Solver time              :	1 s
                      
                      
                      ------------------------------------------------------------------------------
19/Nov/2021 15:50:00    Delta calculation        
19/Nov/2021 15:50:00    All S-Parameters         :	0.0150973

                      ------------------------------------------------------------------------------
19/Nov/2021 15:50:00  Mesh adaptation terminated because the desired accuracy limit is reached.
                      
                      ------------------------------------------------------------------------------
19/Nov/2021 15:50:01    Generating results       :	1 s
                      
                        Total time               :	6 s
                      
                      ------------------------------------------------------------------------------

                      ------------------------------------------------------------------------------
19/Nov/2021 15:50:01    Calculation 2 (Frequency: 0.461218 PHz, Theta: 0, Phi: 0)
                      
                      
                      ------------------------------------------------------------------------------
19/Nov/2021 15:50:03    Matrix setup time        :	0 s
                        Degrees of freedom       :	18848
                        Number of mesh cells     :	2712
                      
                        Stimulation port         :	Zmin
                        Mode number              :	1
                        Accuracy                 :	7.5561e-05
                        Iterations               :	11
                        Solver time              :	1 s
                      
                      
                      ------------------------------------------------------------------------------
19/Nov/2021 15:50:03    Stimulation port         :	Zmin
                        Mode number              :	2
                        Accuracy                 :	9.02983e-05
                        Iterations               :	11
                        Solver time              :	1 s
                      
                      
                      ------------------------------------------------------------------------------
19/Nov/2021 15:50:03    Stimulation port         :	Zmin
                        Mode number              :	3
                        Accuracy                 :	9.39977e-05
                        Iterations               :	11
                        Solver time              :	1 s
                      
                      
                      ------------------------------------------------------------------------------
19/Nov/2021 15:50:03    Stimulation port         :	Zmin
                        Mode number              :	4
                        Accuracy                 :	7.51321e-05
                        Iterations               :	10
                        Solver time              :	1 s
                      
                      
                      ------------------------------------------------------------------------------
19/Nov/2021 15:50:03    Stimulation port         :	Zmin
                        Mode number              :	5
                        Accuracy                 :	7.63459e-05
                        Iterations               :	11
                        Solver time              :	1 s
                      
                      
                      ------------------------------------------------------------------------------
19/Nov/2021 15:50:03    Stimulation port         :	Zmin
                        Mode number              :	6
                        Accuracy                 :	5.63209e-05
                        Iterations               :	12
                        Solver time              :	1 s
                      
                      
                      ------------------------------------------------------------------------------
19/Nov/2021 15:50:03    Stimulation port         :	Zmax
                        Mode number              :	1
                        Accuracy                 :	6.21699e-05
                        Iterations               :	11
                        Solver time              :	1 s
                      
                      
                      ------------------------------------------------------------------------------
19/Nov/2021 15:50:03    Stimulation port         :	Zmax
                        Mode number              :	2
                        Accuracy                 :	6.32956e-05
                        Iterations               :	11
                        Solver time              :	1 s
                      
                      
                      ------------------------------------------------------------------------------
19/Nov/2021 15:50:03    Stimulation port         :	Zmax
                        Mode number              :	3
                        Accuracy                 :	6.40099e-05
                        Iterations               :	10
                        Solver time              :	0 s
                      
                      
                      ------------------------------------------------------------------------------
19/Nov/2021 15:50:03    Stimulation port         :	Zmax
                        Mode number              :	4
                        Accuracy                 :	4.80459e-05
                        Iterations               :	9
                        Solver time              :	0 s
                      
                      
                      ------------------------------------------------------------------------------
19/Nov/2021 15:50:03    Stimulation port         :	Zmax
                        Mode number              :	5
                        Accuracy                 :	6.30915e-05
                        Iterations               :	10
                        Solver time              :	0 s
                      
                      
                      ------------------------------------------------------------------------------
19/Nov/2021 15:50:03    Stimulation port         :	Zmax
                        Mode number              :	6
                        Accuracy                 :	5.90409e-05
                        Iterations               :	10
                        Solver time              :	0 s
                      
                      
                      ------------------------------------------------------------------------------
19/Nov/2021 15:50:03    Total time               :	2 s
                      
                      ------------------------------------------------------------------------------

                      ------------------------------------------------------------------------------
19/Nov/2021 15:50:03    Calculation 3 (Frequency: 0.461219 PHz, Theta: 0, Phi: 0)
                      
                      
                      ------------------------------------------------------------------------------
19/Nov/2021 15:50:06    Matrix setup time        :	0 s
                        Degrees of freedom       :	18848
                        Number of mesh cells     :	2712
                      
                        Stimulation port         :	Zmin
                        Mode number              :	1
                        Accuracy                 :	7.55645e-05
                        Iterations               :	11
                        Solver time              :	0 s
                      
                      
                      ------------------------------------------------------------------------------
19/Nov/2021 15:50:06    Stimulation port         :	Zmin
                        Mode number              :	2
                        Accuracy                 :	9.03012e-05
                        Iterations               :	11
                        Solver time              :	0 s
                      
                      
                      ------------------------------------------------------------------------------
19/Nov/2021 15:50:06    Stimulation port         :	Zmin
                        Mode number              :	3
                        Accuracy                 :	9.39998e-05
                        Iterations               :	11
                        Solver time              :	0 s
                      
                      
                      ------------------------------------------------------------------------------
19/Nov/2021 15:50:06    Stimulation port         :	Zmin
                        Mode number              :	4
                        Accuracy                 :	7.51344e-05
                        Iterations               :	10
                        Solver time              :	0 s
                      
                      
                      ------------------------------------------------------------------------------
19/Nov/2021 15:50:06    Stimulation port         :	Zmin
                        Mode number              :	5
                        Accuracy                 :	7.63451e-05
                        Iterations               :	11
                        Solver time              :	1 s
                      
                      
                      ------------------------------------------------------------------------------
19/Nov/2021 15:50:06    Stimulation port         :	Zmin
                        Mode number              :	6
                        Accuracy                 :	5.63187e-05
                        Iterations               :	12
                        Solver time              :	1 s
                      
                      
                      ------------------------------------------------------------------------------
19/Nov/2021 15:50:06    Stimulation port         :	Zmax
                        Mode number              :	1
                        Accuracy                 :	6.21791e-05
                        Iterations               :	11
                        Solver time              :	1 s
                      
                      
                      ------------------------------------------------------------------------------
19/Nov/2021 15:50:06    Stimulation port         :	Zmax
                        Mode number              :	2
                        Accuracy                 :	6.32652e-05
                        Iterations               :	11
                        Solver time              :	1 s
                      
                      
                      ------------------------------------------------------------------------------
19/Nov/2021 15:50:06    Stimulation port         :	Zmax
                        Mode number              :	3
                        Accuracy                 :	6.39714e-05
                        Iterations               :	10
                        Solver time              :	1 s
                      
                      
                      ------------------------------------------------------------------------------
19/Nov/2021 15:50:06    Stimulation port         :	Zmax
                        Mode number              :	4
                        Accuracy                 :	4.89441e-05
                        Iterations               :	9
                        Solver time              :	1 s
                      
                      
                      ------------------------------------------------------------------------------
19/Nov/2021 15:50:06    Stimulation port         :	Zmax
                        Mode number              :	5
                        Accuracy                 :	6.3084e-05
                        Iterations               :	10
                        Solver time              :	1 s
                      
                      
                      ------------------------------------------------------------------------------
19/Nov/2021 15:50:06    Stimulation port         :	Zmax
                        Mode number              :	6
                        Accuracy                 :	5.90971e-05
                        Iterations               :	10
                        Solver time              :	1 s
                      
                      
                      ------------------------------------------------------------------------------
19/Nov/2021 15:50:06    Total time               :	3 s
                      
                      ------------------------------------------------------------------------------

                      ------------------------------------------------------------------------------
19/Nov/2021 15:50:06  *** Error ***
                      
19/Nov/2021 15:50:06  Could not determine a valid simulation point for the next frequency domain solver sample. The propagation constants at 
                      the lower and upper end of the sampling intervals might be zero.
                      
                      ------------------------------------------------------------------------------
19/Nov/2021 15:50:06  *** Warning ***
                      
19/Nov/2021 15:50:06  The broadband frequency sweep convergence criterion has not yet been satisfied. Please continue the broadband frequency 
                      sweep by starting the frequency domain solver again.
                      
                      ------------------------------------------------------------------------------
19/Nov/2021 15:50:06    Total Solver Time        :	12 s
                      ================================================================================
                      
                      
                      
                      ------------------------------------------------------------------------------
19/Nov/2021 15:50:06    ----------------------------------------------------------------------------
                                            Peak memory used (kB)         Free physical memory (kB) 
                                                                          At begin     Minimum      
                        ----------------------------------------------------------------------------
                        Solver start        20012                         11463996     11463996     
                        Eq. system setup    234128                        11429008     11251056     
                        Eq. system solve    234652                        11405024     11246884     
                        Mesh refinement     201700                        11342076     11298264     
                        Solver run total    234652                        11464000     11251576     
                      
                        Computer name       DESKTOP-755877E
                        ----------------------------------------------------------------------------
                      
                      
                      ------------------------------------------------------------------------------
19/Nov/2021 15:50:06  Running postprocessing.
                      
                      ------------------------------------------------------------------------------
19/Nov/2021 15:50:09  Postprocessing finished.
                      
                      ------------------------------------------------------------------------------
19/Nov/2021 15:50:09  Creating parametric 1D results for Run ID 78
                      
                      ------------------------------------------------------------------------------
