Unknown:
C:\MetaSurfacesProject\CST\Inital Attempts\Visible_SiNx_FD_FYP_Working_archive\Result\Model.log
C:\MetaSurfacesProject\CST\Inital Attempts\Visible_SiNx_FD_FYP_Working_archive\Result\Model.sa
C:\MetaSurfacesProject\CST\Inital Attempts\Visible_SiNx_FD_FYP_Working_archive\Result\Model.swp
C:\MetaSurfacesProject\CST\Inital Attempts\Visible_SiNx_FD_FYP_Working_archive\Result\Port1_e1(#0000).sct
C:\MetaSurfacesProject\CST\Inital Attempts\Visible_SiNx_FD_FYP_Working_archive\Result\Port1_e1(#0001).sct
C:\MetaSurfacesProject\CST\Inital Attempts\Visible_SiNx_FD_FYP_Working_archive\Result\Port1_e1(#0002).sct
C:\MetaSurfacesProject\CST\Inital Attempts\Visible_SiNx_FD_FYP_Working_archive\Result\Port1_e1(#0003).sct
C:\MetaSurfacesProject\CST\Inital Attempts\Visible_SiNx_FD_FYP_Working_archive\Result\Port1_e1(#0004).sct
C:\MetaSurfacesProject\CST\Inital Attempts\Visible_SiNx_FD_FYP_Working_archive\Result\Port1_e1(#0005).sct
C:\MetaSurfacesProject\CST\Inital Attempts\Visible_SiNx_FD_FYP_Working_archive\Result\Port1_e2(#0000).sct
C:\MetaSurfacesProject\CST\Inital Attempts\Visible_SiNx_FD_FYP_Working_archive\Result\Port1_e2(#0001).sct
C:\MetaSurfacesProject\CST\Inital Attempts\Visible_SiNx_FD_FYP_Working_archive\Result\Port1_e2(#0002).sct
C:\MetaSurfacesProject\CST\Inital Attempts\Visible_SiNx_FD_FYP_Working_archive\Result\Port1_e2(#0003).sct
C:\MetaSurfacesProject\CST\Inital Attempts\Visible_SiNx_FD_FYP_Working_archive\Result\Port1_e2(#0004).sct
C:\MetaSurfacesProject\CST\Inital Attempts\Visible_SiNx_FD_FYP_Working_archive\Result\Port1_e2(#0005).sct
C:\MetaSurfacesProject\CST\Inital Attempts\Visible_SiNx_FD_FYP_Working_archive\Result\Port1_e3(#0000).sct
C:\MetaSurfacesProject\CST\Inital Attempts\Visible_SiNx_FD_FYP_Working_archive\Result\Port1_e3(#0001).sct
C:\MetaSurfacesProject\CST\Inital Attempts\Visible_SiNx_FD_FYP_Working_archive\Result\Port1_e3(#0002).sct
C:\MetaSurfacesProject\CST\Inital Attempts\Visible_SiNx_FD_FYP_Working_archive\Result\Port1_e3(#0003).sct
C:\MetaSurfacesProject\CST\Inital Attempts\Visible_SiNx_FD_FYP_Working_archive\Result\Port1_e3(#0004).sct
C:\MetaSurfacesProject\CST\Inital Attempts\Visible_SiNx_FD_FYP_Working_archive\Result\Port1_e3(#0005).sct
C:\MetaSurfacesProject\CST\Inital Attempts\Visible_SiNx_FD_FYP_Working_archive\Result\Port1_e4(#0000).sct
C:\MetaSurfacesProject\CST\Inital Attempts\Visible_SiNx_FD_FYP_Working_archive\Result\Port1_e4(#0001).sct
C:\MetaSurfacesProject\CST\Inital Attempts\Visible_SiNx_FD_FYP_Working_archive\Result\Port1_e4(#0002).sct
C:\MetaSurfacesProject\CST\Inital Attempts\Visible_SiNx_FD_FYP_Working_archive\Result\Port1_e4(#0003).sct
C:\MetaSurfacesProject\CST\Inital Attempts\Visible_SiNx_FD_FYP_Working_archive\Result\Port1_e4(#0004).sct
C:\MetaSurfacesProject\CST\Inital Attempts\Visible_SiNx_FD_FYP_Working_archive\Result\Port1_e4(#0005).sct
C:\MetaSurfacesProject\CST\Inital Attempts\Visible_SiNx_FD_FYP_Working_archive\Result\Port1_e5(#0000).sct
C:\MetaSurfacesProject\CST\Inital Attempts\Visible_SiNx_FD_FYP_Working_archive\Result\Port1_e5(#0001).sct
C:\MetaSurfacesProject\CST\Inital Attempts\Visible_SiNx_FD_FYP_Working_archive\Result\Port1_e5(#0002).sct
C:\MetaSurfacesProject\CST\Inital Attempts\Visible_SiNx_FD_FYP_Working_archive\Result\Port1_e5(#0003).sct
C:\MetaSurfacesProject\CST\Inital Attempts\Visible_SiNx_FD_FYP_Working_archive\Result\Port1_e5(#0004).sct
C:\MetaSurfacesProject\CST\Inital Attempts\Visible_SiNx_FD_FYP_Working_archive\Result\Port1_e5(#0005).sct
C:\MetaSurfacesProject\CST\Inital Attempts\Visible_SiNx_FD_FYP_Working_archive\Result\Port1_e6(#0000).sct
C:\MetaSurfacesProject\CST\Inital Attempts\Visible_SiNx_FD_FYP_Working_archive\Result\Port1_e6(#0001).sct
C:\MetaSurfacesProject\CST\Inital Attempts\Visible_SiNx_FD_FYP_Working_archive\Result\Port1_e6(#0002).sct
C:\MetaSurfacesProject\CST\Inital Attempts\Visible_SiNx_FD_FYP_Working_archive\Result\Port1_e6(#0003).sct
C:\MetaSurfacesProject\CST\Inital Attempts\Visible_SiNx_FD_FYP_Working_archive\Result\Port1_e6(#0004).sct
C:\MetaSurfacesProject\CST\Inital Attempts\Visible_SiNx_FD_FYP_Working_archive\Result\Port1_e6(#0005).sct
C:\MetaSurfacesProject\CST\Inital Attempts\Visible_SiNx_FD_FYP_Working_archive\Result\Port1_eInfo1(#0000).pmf
C:\MetaSurfacesProject\CST\Inital Attempts\Visible_SiNx_FD_FYP_Working_archive\Result\Port1_eInfo1(#0001).pmf
C:\MetaSurfacesProject\CST\Inital Attempts\Visible_SiNx_FD_FYP_Working_archive\Result\Port1_eInfo1(#0002).pmf
C:\MetaSurfacesProject\CST\Inital Attempts\Visible_SiNx_FD_FYP_Working_archive\Result\Port1_eInfo1(#0003).pmf
C:\MetaSurfacesProject\CST\Inital Attempts\Visible_SiNx_FD_FYP_Working_archive\Result\Port1_eInfo1(#0004).pmf
C:\MetaSurfacesProject\CST\Inital Attempts\Visible_SiNx_FD_FYP_Working_archive\Result\Port1_eInfo1(#0005).pmf
C:\MetaSurfacesProject\CST\Inital Attempts\Visible_SiNx_FD_FYP_Working_archive\Result\Port1_eInfo2(#0000).pmf
C:\MetaSurfacesProject\CST\Inital Attempts\Visible_SiNx_FD_FYP_Working_archive\Result\Port1_eInfo2(#0001).pmf
C:\MetaSurfacesProject\CST\Inital Attempts\Visible_SiNx_FD_FYP_Working_archive\Result\Port1_eInfo2(#0002).pmf
C:\MetaSurfacesProject\CST\Inital Attempts\Visible_SiNx_FD_FYP_Working_archive\Result\Port1_eInfo2(#0003).pmf
C:\MetaSurfacesProject\CST\Inital Attempts\Visible_SiNx_FD_FYP_Working_archive\Result\Port1_eInfo2(#0004).pmf
C:\MetaSurfacesProject\CST\Inital Attempts\Visible_SiNx_FD_FYP_Working_archive\Result\Port1_eInfo2(#0005).pmf
C:\MetaSurfacesProject\CST\Inital Attempts\Visible_SiNx_FD_FYP_Working_archive\Result\Port1_eInfo3(#0000).pmf
C:\MetaSurfacesProject\CST\Inital Attempts\Visible_SiNx_FD_FYP_Working_archive\Result\Port1_eInfo3(#0001).pmf
C:\MetaSurfacesProject\CST\Inital Attempts\Visible_SiNx_FD_FYP_Working_archive\Result\Port1_eInfo3(#0002).pmf
C:\MetaSurfacesProject\CST\Inital Attempts\Visible_SiNx_FD_FYP_Working_archive\Result\Port1_eInfo3(#0003).pmf
C:\MetaSurfacesProject\CST\Inital Attempts\Visible_SiNx_FD_FYP_Working_archive\Result\Port1_eInfo3(#0004).pmf
C:\MetaSurfacesProject\CST\Inital Attempts\Visible_SiNx_FD_FYP_Working_archive\Result\Port1_eInfo3(#0005).pmf
C:\MetaSurfacesProject\CST\Inital Attempts\Visible_SiNx_FD_FYP_Working_archive\Result\Port1_eInfo4(#0000).pmf
C:\MetaSurfacesProject\CST\Inital Attempts\Visible_SiNx_FD_FYP_Working_archive\Result\Port1_eInfo4(#0001).pmf
C:\MetaSurfacesProject\CST\Inital Attempts\Visible_SiNx_FD_FYP_Working_archive\Result\Port1_eInfo4(#0002).pmf
C:\MetaSurfacesProject\CST\Inital Attempts\Visible_SiNx_FD_FYP_Working_archive\Result\Port1_eInfo4(#0003).pmf
C:\MetaSurfacesProject\CST\Inital Attempts\Visible_SiNx_FD_FYP_Working_archive\Result\Port1_eInfo4(#0004).pmf
C:\MetaSurfacesProject\CST\Inital Attempts\Visible_SiNx_FD_FYP_Working_archive\Result\Port1_eInfo4(#0005).pmf
C:\MetaSurfacesProject\CST\Inital Attempts\Visible_SiNx_FD_FYP_Working_archive\Result\Port1_eInfo5(#0000).pmf
C:\MetaSurfacesProject\CST\Inital Attempts\Visible_SiNx_FD_FYP_Working_archive\Result\Port1_eInfo5(#0001).pmf
C:\MetaSurfacesProject\CST\Inital Attempts\Visible_SiNx_FD_FYP_Working_archive\Result\Port1_eInfo5(#0002).pmf
C:\MetaSurfacesProject\CST\Inital Attempts\Visible_SiNx_FD_FYP_Working_archive\Result\Port1_eInfo5(#0003).pmf
C:\MetaSurfacesProject\CST\Inital Attempts\Visible_SiNx_FD_FYP_Working_archive\Result\Port1_eInfo5(#0004).pmf
C:\MetaSurfacesProject\CST\Inital Attempts\Visible_SiNx_FD_FYP_Working_archive\Result\Port1_eInfo5(#0005).pmf
C:\MetaSurfacesProject\CST\Inital Attempts\Visible_SiNx_FD_FYP_Working_archive\Result\Port1_eInfo6(#0000).pmf
C:\MetaSurfacesProject\CST\Inital Attempts\Visible_SiNx_FD_FYP_Working_archive\Result\Port1_eInfo6(#0001).pmf
C:\MetaSurfacesProject\CST\Inital Attempts\Visible_SiNx_FD_FYP_Working_archive\Result\Port1_eInfo6(#0002).pmf
C:\MetaSurfacesProject\CST\Inital Attempts\Visible_SiNx_FD_FYP_Working_archive\Result\Port1_eInfo6(#0003).pmf
C:\MetaSurfacesProject\CST\Inital Attempts\Visible_SiNx_FD_FYP_Working_archive\Result\Port1_eInfo6(#0004).pmf
C:\MetaSurfacesProject\CST\Inital Attempts\Visible_SiNx_FD_FYP_Working_archive\Result\Port1_eInfo6(#0005).pmf
C:\MetaSurfacesProject\CST\Inital Attempts\Visible_SiNx_FD_FYP_Working_archive\Result\Port1_eout1(#0000).sct
C:\MetaSurfacesProject\CST\Inital Attempts\Visible_SiNx_FD_FYP_Working_archive\Result\Port1_eout1(#0001).sct
C:\MetaSurfacesProject\CST\Inital Attempts\Visible_SiNx_FD_FYP_Working_archive\Result\Port1_eout1(#0002).sct
C:\MetaSurfacesProject\CST\Inital Attempts\Visible_SiNx_FD_FYP_Working_archive\Result\Port1_eout1(#0003).sct
C:\MetaSurfacesProject\CST\Inital Attempts\Visible_SiNx_FD_FYP_Working_archive\Result\Port1_eout1(#0004).sct
C:\MetaSurfacesProject\CST\Inital Attempts\Visible_SiNx_FD_FYP_Working_archive\Result\Port1_eout1(#0005).sct
C:\MetaSurfacesProject\CST\Inital Attempts\Visible_SiNx_FD_FYP_Working_archive\Result\Port1_eout2(#0000).sct
C:\MetaSurfacesProject\CST\Inital Attempts\Visible_SiNx_FD_FYP_Working_archive\Result\Port1_eout2(#0001).sct
C:\MetaSurfacesProject\CST\Inital Attempts\Visible_SiNx_FD_FYP_Working_archive\Result\Port1_eout2(#0002).sct
C:\MetaSurfacesProject\CST\Inital Attempts\Visible_SiNx_FD_FYP_Working_archive\Result\Port1_eout2(#0003).sct
C:\MetaSurfacesProject\CST\Inital Attempts\Visible_SiNx_FD_FYP_Working_archive\Result\Port1_eout2(#0004).sct
C:\MetaSurfacesProject\CST\Inital Attempts\Visible_SiNx_FD_FYP_Working_archive\Result\Port1_eout2(#0005).sct
C:\MetaSurfacesProject\CST\Inital Attempts\Visible_SiNx_FD_FYP_Working_archive\Result\Port1_eout3(#0000).sct
C:\MetaSurfacesProject\CST\Inital Attempts\Visible_SiNx_FD_FYP_Working_archive\Result\Port1_eout3(#0001).sct
C:\MetaSurfacesProject\CST\Inital Attempts\Visible_SiNx_FD_FYP_Working_archive\Result\Port1_eout3(#0002).sct
C:\MetaSurfacesProject\CST\Inital Attempts\Visible_SiNx_FD_FYP_Working_archive\Result\Port1_eout3(#0003).sct
C:\MetaSurfacesProject\CST\Inital Attempts\Visible_SiNx_FD_FYP_Working_archive\Result\Port1_eout3(#0004).sct
C:\MetaSurfacesProject\CST\Inital Attempts\Visible_SiNx_FD_FYP_Working_archive\Result\Port1_eout3(#0005).sct
C:\MetaSurfacesProject\CST\Inital Attempts\Visible_SiNx_FD_FYP_Working_archive\Result\Port1_eout4(#0000).sct
C:\MetaSurfacesProject\CST\Inital Attempts\Visible_SiNx_FD_FYP_Working_archive\Result\Port1_eout4(#0001).sct
C:\MetaSurfacesProject\CST\Inital Attempts\Visible_SiNx_FD_FYP_Working_archive\Result\Port1_eout4(#0002).sct
C:\MetaSurfacesProject\CST\Inital Attempts\Visible_SiNx_FD_FYP_Working_archive\Result\Port1_eout4(#0003).sct
C:\MetaSurfacesProject\CST\Inital Attempts\Visible_SiNx_FD_FYP_Working_archive\Result\Port1_eout4(#0004).sct
C:\MetaSurfacesProject\CST\Inital Attempts\Visible_SiNx_FD_FYP_Working_archive\Result\Port1_eout4(#0005).sct
C:\MetaSurfacesProject\CST\Inital Attempts\Visible_SiNx_FD_FYP_Working_archive\Result\Port1_eout5(#0000).sct
C:\MetaSurfacesProject\CST\Inital Attempts\Visible_SiNx_FD_FYP_Working_archive\Result\Port1_eout5(#0001).sct
C:\MetaSurfacesProject\CST\Inital Attempts\Visible_SiNx_FD_FYP_Working_archive\Result\Port1_eout5(#0002).sct
C:\MetaSurfacesProject\CST\Inital Attempts\Visible_SiNx_FD_FYP_Working_archive\Result\Port1_eout5(#0003).sct
C:\MetaSurfacesProject\CST\Inital Attempts\Visible_SiNx_FD_FYP_Working_archive\Result\Port1_eout5(#0004).sct
C:\MetaSurfacesProject\CST\Inital Attempts\Visible_SiNx_FD_FYP_Working_archive\Result\Port1_eout5(#0005).sct
C:\MetaSurfacesProject\CST\Inital Attempts\Visible_SiNx_FD_FYP_Working_archive\Result\Port1_eout6(#0000).sct
C:\MetaSurfacesProject\CST\Inital Attempts\Visible_SiNx_FD_FYP_Working_archive\Result\Port1_eout6(#0001).sct
C:\MetaSurfacesProject\CST\Inital Attempts\Visible_SiNx_FD_FYP_Working_archive\Result\Port1_eout6(#0002).sct
C:\MetaSurfacesProject\CST\Inital Attempts\Visible_SiNx_FD_FYP_Working_archive\Result\Port1_eout6(#0003).sct
C:\MetaSurfacesProject\CST\Inital Attempts\Visible_SiNx_FD_FYP_Working_archive\Result\Port1_eout6(#0004).sct
C:\MetaSurfacesProject\CST\Inital Attempts\Visible_SiNx_FD_FYP_Working_archive\Result\Port1_eout6(#0005).sct
C:\MetaSurfacesProject\CST\Inital Attempts\Visible_SiNx_FD_FYP_Working_archive\Result\Port1_h1(#0000).sct
C:\MetaSurfacesProject\CST\Inital Attempts\Visible_SiNx_FD_FYP_Working_archive\Result\Port1_h1(#0001).sct
C:\MetaSurfacesProject\CST\Inital Attempts\Visible_SiNx_FD_FYP_Working_archive\Result\Port1_h1(#0002).sct
C:\MetaSurfacesProject\CST\Inital Attempts\Visible_SiNx_FD_FYP_Working_archive\Result\Port1_h1(#0003).sct
C:\MetaSurfacesProject\CST\Inital Attempts\Visible_SiNx_FD_FYP_Working_archive\Result\Port1_h1(#0004).sct
C:\MetaSurfacesProject\CST\Inital Attempts\Visible_SiNx_FD_FYP_Working_archive\Result\Port1_h1(#0005).sct
C:\MetaSurfacesProject\CST\Inital Attempts\Visible_SiNx_FD_FYP_Working_archive\Result\Port1_h2(#0000).sct
C:\MetaSurfacesProject\CST\Inital Attempts\Visible_SiNx_FD_FYP_Working_archive\Result\Port1_h2(#0001).sct
C:\MetaSurfacesProject\CST\Inital Attempts\Visible_SiNx_FD_FYP_Working_archive\Result\Port1_h2(#0002).sct
C:\MetaSurfacesProject\CST\Inital Attempts\Visible_SiNx_FD_FYP_Working_archive\Result\Port1_h2(#0003).sct
C:\MetaSurfacesProject\CST\Inital Attempts\Visible_SiNx_FD_FYP_Working_archive\Result\Port1_h2(#0004).sct
C:\MetaSurfacesProject\CST\Inital Attempts\Visible_SiNx_FD_FYP_Working_archive\Result\Port1_h2(#0005).sct
C:\MetaSurfacesProject\CST\Inital Attempts\Visible_SiNx_FD_FYP_Working_archive\Result\Port1_h3(#0000).sct
C:\MetaSurfacesProject\CST\Inital Attempts\Visible_SiNx_FD_FYP_Working_archive\Result\Port1_h3(#0001).sct
C:\MetaSurfacesProject\CST\Inital Attempts\Visible_SiNx_FD_FYP_Working_archive\Result\Port1_h3(#0002).sct
C:\MetaSurfacesProject\CST\Inital Attempts\Visible_SiNx_FD_FYP_Working_archive\Result\Port1_h3(#0003).sct
C:\MetaSurfacesProject\CST\Inital Attempts\Visible_SiNx_FD_FYP_Working_archive\Result\Port1_h3(#0004).sct
C:\MetaSurfacesProject\CST\Inital Attempts\Visible_SiNx_FD_FYP_Working_archive\Result\Port1_h3(#0005).sct
C:\MetaSurfacesProject\CST\Inital Attempts\Visible_SiNx_FD_FYP_Working_archive\Result\Port1_h4(#0000).sct
C:\MetaSurfacesProject\CST\Inital Attempts\Visible_SiNx_FD_FYP_Working_archive\Result\Port1_h4(#0001).sct
C:\MetaSurfacesProject\CST\Inital Attempts\Visible_SiNx_FD_FYP_Working_archive\Result\Port1_h4(#0002).sct
C:\MetaSurfacesProject\CST\Inital Attempts\Visible_SiNx_FD_FYP_Working_archive\Result\Port1_h4(#0003).sct
C:\MetaSurfacesProject\CST\Inital Attempts\Visible_SiNx_FD_FYP_Working_archive\Result\Port1_h4(#0004).sct
C:\MetaSurfacesProject\CST\Inital Attempts\Visible_SiNx_FD_FYP_Working_archive\Result\Port1_h4(#0005).sct
C:\MetaSurfacesProject\CST\Inital Attempts\Visible_SiNx_FD_FYP_Working_archive\Result\Port1_h5(#0000).sct
C:\MetaSurfacesProject\CST\Inital Attempts\Visible_SiNx_FD_FYP_Working_archive\Result\Port1_h5(#0001).sct
C:\MetaSurfacesProject\CST\Inital Attempts\Visible_SiNx_FD_FYP_Working_archive\Result\Port1_h5(#0002).sct
C:\MetaSurfacesProject\CST\Inital Attempts\Visible_SiNx_FD_FYP_Working_archive\Result\Port1_h5(#0003).sct
C:\MetaSurfacesProject\CST\Inital Attempts\Visible_SiNx_FD_FYP_Working_archive\Result\Port1_h5(#0004).sct
C:\MetaSurfacesProject\CST\Inital Attempts\Visible_SiNx_FD_FYP_Working_archive\Result\Port1_h5(#0005).sct
C:\MetaSurfacesProject\CST\Inital Attempts\Visible_SiNx_FD_FYP_Working_archive\Result\Port1_h6(#0000).sct
C:\MetaSurfacesProject\CST\Inital Attempts\Visible_SiNx_FD_FYP_Working_archive\Result\Port1_h6(#0001).sct
C:\MetaSurfacesProject\CST\Inital Attempts\Visible_SiNx_FD_FYP_Working_archive\Result\Port1_h6(#0002).sct
C:\MetaSurfacesProject\CST\Inital Attempts\Visible_SiNx_FD_FYP_Working_archive\Result\Port1_h6(#0003).sct
C:\MetaSurfacesProject\CST\Inital Attempts\Visible_SiNx_FD_FYP_Working_archive\Result\Port1_h6(#0004).sct
C:\MetaSurfacesProject\CST\Inital Attempts\Visible_SiNx_FD_FYP_Working_archive\Result\Port1_h6(#0005).sct
C:\MetaSurfacesProject\CST\Inital Attempts\Visible_SiNx_FD_FYP_Working_archive\Result\Port1_hInfo1(#0000).pmf
C:\MetaSurfacesProject\CST\Inital Attempts\Visible_SiNx_FD_FYP_Working_archive\Result\Port1_hInfo1(#0001).pmf
C:\MetaSurfacesProject\CST\Inital Attempts\Visible_SiNx_FD_FYP_Working_archive\Result\Port1_hInfo1(#0002).pmf
C:\MetaSurfacesProject\CST\Inital Attempts\Visible_SiNx_FD_FYP_Working_archive\Result\Port1_hInfo1(#0003).pmf
C:\MetaSurfacesProject\CST\Inital Attempts\Visible_SiNx_FD_FYP_Working_archive\Result\Port1_hInfo1(#0004).pmf
C:\MetaSurfacesProject\CST\Inital Attempts\Visible_SiNx_FD_FYP_Working_archive\Result\Port1_hInfo1(#0005).pmf
C:\MetaSurfacesProject\CST\Inital Attempts\Visible_SiNx_FD_FYP_Working_archive\Result\Port1_hInfo2(#0000).pmf
C:\MetaSurfacesProject\CST\Inital Attempts\Visible_SiNx_FD_FYP_Working_archive\Result\Port1_hInfo2(#0001).pmf
C:\MetaSurfacesProject\CST\Inital Attempts\Visible_SiNx_FD_FYP_Working_archive\Result\Port1_hInfo2(#0002).pmf
C:\MetaSurfacesProject\CST\Inital Attempts\Visible_SiNx_FD_FYP_Working_archive\Result\Port1_hInfo2(#0003).pmf
C:\MetaSurfacesProject\CST\Inital Attempts\Visible_SiNx_FD_FYP_Working_archive\Result\Port1_hInfo2(#0004).pmf
C:\MetaSurfacesProject\CST\Inital Attempts\Visible_SiNx_FD_FYP_Working_archive\Result\Port1_hInfo2(#0005).pmf
C:\MetaSurfacesProject\CST\Inital Attempts\Visible_SiNx_FD_FYP_Working_archive\Result\Port1_hInfo3(#0000).pmf
C:\MetaSurfacesProject\CST\Inital Attempts\Visible_SiNx_FD_FYP_Working_archive\Result\Port1_hInfo3(#0001).pmf
C:\MetaSurfacesProject\CST\Inital Attempts\Visible_SiNx_FD_FYP_Working_archive\Result\Port1_hInfo3(#0002).pmf
C:\MetaSurfacesProject\CST\Inital Attempts\Visible_SiNx_FD_FYP_Working_archive\Result\Port1_hInfo3(#0003).pmf
C:\MetaSurfacesProject\CST\Inital Attempts\Visible_SiNx_FD_FYP_Working_archive\Result\Port1_hInfo3(#0004).pmf
C:\MetaSurfacesProject\CST\Inital Attempts\Visible_SiNx_FD_FYP_Working_archive\Result\Port1_hInfo3(#0005).pmf
C:\MetaSurfacesProject\CST\Inital Attempts\Visible_SiNx_FD_FYP_Working_archive\Result\Port1_hInfo4(#0000).pmf
C:\MetaSurfacesProject\CST\Inital Attempts\Visible_SiNx_FD_FYP_Working_archive\Result\Port1_hInfo4(#0001).pmf
C:\MetaSurfacesProject\CST\Inital Attempts\Visible_SiNx_FD_FYP_Working_archive\Result\Port1_hInfo4(#0002).pmf
C:\MetaSurfacesProject\CST\Inital Attempts\Visible_SiNx_FD_FYP_Working_archive\Result\Port1_hInfo4(#0003).pmf
C:\MetaSurfacesProject\CST\Inital Attempts\Visible_SiNx_FD_FYP_Working_archive\Result\Port1_hInfo4(#0004).pmf
C:\MetaSurfacesProject\CST\Inital Attempts\Visible_SiNx_FD_FYP_Working_archive\Result\Port1_hInfo4(#0005).pmf
C:\MetaSurfacesProject\CST\Inital Attempts\Visible_SiNx_FD_FYP_Working_archive\Result\Port1_hInfo5(#0000).pmf
C:\MetaSurfacesProject\CST\Inital Attempts\Visible_SiNx_FD_FYP_Working_archive\Result\Port1_hInfo5(#0001).pmf
C:\MetaSurfacesProject\CST\Inital Attempts\Visible_SiNx_FD_FYP_Working_archive\Result\Port1_hInfo5(#0002).pmf
C:\MetaSurfacesProject\CST\Inital Attempts\Visible_SiNx_FD_FYP_Working_archive\Result\Port1_hInfo5(#0003).pmf
C:\MetaSurfacesProject\CST\Inital Attempts\Visible_SiNx_FD_FYP_Working_archive\Result\Port1_hInfo5(#0004).pmf
C:\MetaSurfacesProject\CST\Inital Attempts\Visible_SiNx_FD_FYP_Working_archive\Result\Port1_hInfo5(#0005).pmf
C:\MetaSurfacesProject\CST\Inital Attempts\Visible_SiNx_FD_FYP_Working_archive\Result\Port1_hInfo6(#0000).pmf
C:\MetaSurfacesProject\CST\Inital Attempts\Visible_SiNx_FD_FYP_Working_archive\Result\Port1_hInfo6(#0001).pmf
C:\MetaSurfacesProject\CST\Inital Attempts\Visible_SiNx_FD_FYP_Working_archive\Result\Port1_hInfo6(#0002).pmf
C:\MetaSurfacesProject\CST\Inital Attempts\Visible_SiNx_FD_FYP_Working_archive\Result\Port1_hInfo6(#0003).pmf
C:\MetaSurfacesProject\CST\Inital Attempts\Visible_SiNx_FD_FYP_Working_archive\Result\Port1_hInfo6(#0004).pmf
C:\MetaSurfacesProject\CST\Inital Attempts\Visible_SiNx_FD_FYP_Working_archive\Result\Port1_hInfo6(#0005).pmf
C:\MetaSurfacesProject\CST\Inital Attempts\Visible_SiNx_FD_FYP_Working_archive\Result\Port1_hout1(#0000).sct
C:\MetaSurfacesProject\CST\Inital Attempts\Visible_SiNx_FD_FYP_Working_archive\Result\Port1_hout1(#0001).sct
C:\MetaSurfacesProject\CST\Inital Attempts\Visible_SiNx_FD_FYP_Working_archive\Result\Port1_hout1(#0002).sct
C:\MetaSurfacesProject\CST\Inital Attempts\Visible_SiNx_FD_FYP_Working_archive\Result\Port1_hout1(#0003).sct
C:\MetaSurfacesProject\CST\Inital Attempts\Visible_SiNx_FD_FYP_Working_archive\Result\Port1_hout1(#0004).sct
C:\MetaSurfacesProject\CST\Inital Attempts\Visible_SiNx_FD_FYP_Working_archive\Result\Port1_hout1(#0005).sct
C:\MetaSurfacesProject\CST\Inital Attempts\Visible_SiNx_FD_FYP_Working_archive\Result\Port1_hout2(#0000).sct
C:\MetaSurfacesProject\CST\Inital Attempts\Visible_SiNx_FD_FYP_Working_archive\Result\Port1_hout2(#0001).sct
C:\MetaSurfacesProject\CST\Inital Attempts\Visible_SiNx_FD_FYP_Working_archive\Result\Port1_hout2(#0002).sct
C:\MetaSurfacesProject\CST\Inital Attempts\Visible_SiNx_FD_FYP_Working_archive\Result\Port1_hout2(#0003).sct
C:\MetaSurfacesProject\CST\Inital Attempts\Visible_SiNx_FD_FYP_Working_archive\Result\Port1_hout2(#0004).sct
C:\MetaSurfacesProject\CST\Inital Attempts\Visible_SiNx_FD_FYP_Working_archive\Result\Port1_hout2(#0005).sct
C:\MetaSurfacesProject\CST\Inital Attempts\Visible_SiNx_FD_FYP_Working_archive\Result\Port1_hout3(#0000).sct
C:\MetaSurfacesProject\CST\Inital Attempts\Visible_SiNx_FD_FYP_Working_archive\Result\Port1_hout3(#0001).sct
C:\MetaSurfacesProject\CST\Inital Attempts\Visible_SiNx_FD_FYP_Working_archive\Result\Port1_hout3(#0002).sct
C:\MetaSurfacesProject\CST\Inital Attempts\Visible_SiNx_FD_FYP_Working_archive\Result\Port1_hout3(#0003).sct
C:\MetaSurfacesProject\CST\Inital Attempts\Visible_SiNx_FD_FYP_Working_archive\Result\Port1_hout3(#0004).sct
C:\MetaSurfacesProject\CST\Inital Attempts\Visible_SiNx_FD_FYP_Working_archive\Result\Port1_hout3(#0005).sct
C:\MetaSurfacesProject\CST\Inital Attempts\Visible_SiNx_FD_FYP_Working_archive\Result\Port1_hout4(#0000).sct
C:\MetaSurfacesProject\CST\Inital Attempts\Visible_SiNx_FD_FYP_Working_archive\Result\Port1_hout4(#0001).sct
C:\MetaSurfacesProject\CST\Inital Attempts\Visible_SiNx_FD_FYP_Working_archive\Result\Port1_hout4(#0002).sct
C:\MetaSurfacesProject\CST\Inital Attempts\Visible_SiNx_FD_FYP_Working_archive\Result\Port1_hout4(#0003).sct
C:\MetaSurfacesProject\CST\Inital Attempts\Visible_SiNx_FD_FYP_Working_archive\Result\Port1_hout4(#0004).sct
C:\MetaSurfacesProject\CST\Inital Attempts\Visible_SiNx_FD_FYP_Working_archive\Result\Port1_hout4(#0005).sct
C:\MetaSurfacesProject\CST\Inital Attempts\Visible_SiNx_FD_FYP_Working_archive\Result\Port1_hout5(#0000).sct
C:\MetaSurfacesProject\CST\Inital Attempts\Visible_SiNx_FD_FYP_Working_archive\Result\Port1_hout5(#0001).sct
C:\MetaSurfacesProject\CST\Inital Attempts\Visible_SiNx_FD_FYP_Working_archive\Result\Port1_hout5(#0002).sct
C:\MetaSurfacesProject\CST\Inital Attempts\Visible_SiNx_FD_FYP_Working_archive\Result\Port1_hout5(#0003).sct
C:\MetaSurfacesProject\CST\Inital Attempts\Visible_SiNx_FD_FYP_Working_archive\Result\Port1_hout5(#0004).sct
C:\MetaSurfacesProject\CST\Inital Attempts\Visible_SiNx_FD_FYP_Working_archive\Result\Port1_hout5(#0005).sct
C:\MetaSurfacesProject\CST\Inital Attempts\Visible_SiNx_FD_FYP_Working_archive\Result\Port1_hout6(#0000).sct
C:\MetaSurfacesProject\CST\Inital Attempts\Visible_SiNx_FD_FYP_Working_archive\Result\Port1_hout6(#0001).sct
C:\MetaSurfacesProject\CST\Inital Attempts\Visible_SiNx_FD_FYP_Working_archive\Result\Port1_hout6(#0002).sct
C:\MetaSurfacesProject\CST\Inital Attempts\Visible_SiNx_FD_FYP_Working_archive\Result\Port1_hout6(#0003).sct
C:\MetaSurfacesProject\CST\Inital Attempts\Visible_SiNx_FD_FYP_Working_archive\Result\Port1_hout6(#0004).sct
C:\MetaSurfacesProject\CST\Inital Attempts\Visible_SiNx_FD_FYP_Working_archive\Result\Port1_hout6(#0005).sct
C:\MetaSurfacesProject\CST\Inital Attempts\Visible_SiNx_FD_FYP_Working_archive\Result\Port1_p1(#0000).sct
C:\MetaSurfacesProject\CST\Inital Attempts\Visible_SiNx_FD_FYP_Working_archive\Result\Port1_p1(#0001).sct
C:\MetaSurfacesProject\CST\Inital Attempts\Visible_SiNx_FD_FYP_Working_archive\Result\Port1_p1(#0002).sct
C:\MetaSurfacesProject\CST\Inital Attempts\Visible_SiNx_FD_FYP_Working_archive\Result\Port1_p1(#0003).sct
C:\MetaSurfacesProject\CST\Inital Attempts\Visible_SiNx_FD_FYP_Working_archive\Result\Port1_p1(#0004).sct
C:\MetaSurfacesProject\CST\Inital Attempts\Visible_SiNx_FD_FYP_Working_archive\Result\Port1_p1(#0005).sct
C:\MetaSurfacesProject\CST\Inital Attempts\Visible_SiNx_FD_FYP_Working_archive\Result\Port1_p2(#0000).sct
C:\MetaSurfacesProject\CST\Inital Attempts\Visible_SiNx_FD_FYP_Working_archive\Result\Port1_p2(#0001).sct
C:\MetaSurfacesProject\CST\Inital Attempts\Visible_SiNx_FD_FYP_Working_archive\Result\Port1_p2(#0002).sct
C:\MetaSurfacesProject\CST\Inital Attempts\Visible_SiNx_FD_FYP_Working_archive\Result\Port1_p2(#0003).sct
C:\MetaSurfacesProject\CST\Inital Attempts\Visible_SiNx_FD_FYP_Working_archive\Result\Port1_p2(#0004).sct
C:\MetaSurfacesProject\CST\Inital Attempts\Visible_SiNx_FD_FYP_Working_archive\Result\Port1_p2(#0005).sct
C:\MetaSurfacesProject\CST\Inital Attempts\Visible_SiNx_FD_FYP_Working_archive\Result\Port1_p3(#0000).sct
C:\MetaSurfacesProject\CST\Inital Attempts\Visible_SiNx_FD_FYP_Working_archive\Result\Port1_p3(#0001).sct
C:\MetaSurfacesProject\CST\Inital Attempts\Visible_SiNx_FD_FYP_Working_archive\Result\Port1_p3(#0002).sct
C:\MetaSurfacesProject\CST\Inital Attempts\Visible_SiNx_FD_FYP_Working_archive\Result\Port1_p3(#0003).sct
C:\MetaSurfacesProject\CST\Inital Attempts\Visible_SiNx_FD_FYP_Working_archive\Result\Port1_p3(#0004).sct
C:\MetaSurfacesProject\CST\Inital Attempts\Visible_SiNx_FD_FYP_Working_archive\Result\Port1_p3(#0005).sct
C:\MetaSurfacesProject\CST\Inital Attempts\Visible_SiNx_FD_FYP_Working_archive\Result\Port1_p4(#0000).sct
C:\MetaSurfacesProject\CST\Inital Attempts\Visible_SiNx_FD_FYP_Working_archive\Result\Port1_p4(#0001).sct
C:\MetaSurfacesProject\CST\Inital Attempts\Visible_SiNx_FD_FYP_Working_archive\Result\Port1_p4(#0002).sct
C:\MetaSurfacesProject\CST\Inital Attempts\Visible_SiNx_FD_FYP_Working_archive\Result\Port1_p4(#0003).sct
C:\MetaSurfacesProject\CST\Inital Attempts\Visible_SiNx_FD_FYP_Working_archive\Result\Port1_p4(#0004).sct
C:\MetaSurfacesProject\CST\Inital Attempts\Visible_SiNx_FD_FYP_Working_archive\Result\Port1_p4(#0005).sct
C:\MetaSurfacesProject\CST\Inital Attempts\Visible_SiNx_FD_FYP_Working_archive\Result\Port1_p5(#0000).sct
C:\MetaSurfacesProject\CST\Inital Attempts\Visible_SiNx_FD_FYP_Working_archive\Result\Port1_p5(#0001).sct
C:\MetaSurfacesProject\CST\Inital Attempts\Visible_SiNx_FD_FYP_Working_archive\Result\Port1_p5(#0002).sct
C:\MetaSurfacesProject\CST\Inital Attempts\Visible_SiNx_FD_FYP_Working_archive\Result\Port1_p5(#0003).sct
C:\MetaSurfacesProject\CST\Inital Attempts\Visible_SiNx_FD_FYP_Working_archive\Result\Port1_p5(#0004).sct
C:\MetaSurfacesProject\CST\Inital Attempts\Visible_SiNx_FD_FYP_Working_archive\Result\Port1_p5(#0005).sct
C:\MetaSurfacesProject\CST\Inital Attempts\Visible_SiNx_FD_FYP_Working_archive\Result\Port1_p6(#0000).sct
C:\MetaSurfacesProject\CST\Inital Attempts\Visible_SiNx_FD_FYP_Working_archive\Result\Port1_p6(#0001).sct
C:\MetaSurfacesProject\CST\Inital Attempts\Visible_SiNx_FD_FYP_Working_archive\Result\Port1_p6(#0002).sct
C:\MetaSurfacesProject\CST\Inital Attempts\Visible_SiNx_FD_FYP_Working_archive\Result\Port1_p6(#0003).sct
C:\MetaSurfacesProject\CST\Inital Attempts\Visible_SiNx_FD_FYP_Working_archive\Result\Port1_p6(#0004).sct
C:\MetaSurfacesProject\CST\Inital Attempts\Visible_SiNx_FD_FYP_Working_archive\Result\Port1_p6(#0005).sct
C:\MetaSurfacesProject\CST\Inital Attempts\Visible_SiNx_FD_FYP_Working_archive\Result\Port1_pInfo1(#0000).pmf
C:\MetaSurfacesProject\CST\Inital Attempts\Visible_SiNx_FD_FYP_Working_archive\Result\Port1_pInfo1(#0001).pmf
C:\MetaSurfacesProject\CST\Inital Attempts\Visible_SiNx_FD_FYP_Working_archive\Result\Port1_pInfo1(#0002).pmf
C:\MetaSurfacesProject\CST\Inital Attempts\Visible_SiNx_FD_FYP_Working_archive\Result\Port1_pInfo1(#0003).pmf
C:\MetaSurfacesProject\CST\Inital Attempts\Visible_SiNx_FD_FYP_Working_archive\Result\Port1_pInfo1(#0004).pmf
C:\MetaSurfacesProject\CST\Inital Attempts\Visible_SiNx_FD_FYP_Working_archive\Result\Port1_pInfo1(#0005).pmf
C:\MetaSurfacesProject\CST\Inital Attempts\Visible_SiNx_FD_FYP_Working_archive\Result\Port1_pInfo2(#0000).pmf
C:\MetaSurfacesProject\CST\Inital Attempts\Visible_SiNx_FD_FYP_Working_archive\Result\Port1_pInfo2(#0001).pmf
C:\MetaSurfacesProject\CST\Inital Attempts\Visible_SiNx_FD_FYP_Working_archive\Result\Port1_pInfo2(#0002).pmf
C:\MetaSurfacesProject\CST\Inital Attempts\Visible_SiNx_FD_FYP_Working_archive\Result\Port1_pInfo2(#0003).pmf
C:\MetaSurfacesProject\CST\Inital Attempts\Visible_SiNx_FD_FYP_Working_archive\Result\Port1_pInfo2(#0004).pmf
C:\MetaSurfacesProject\CST\Inital Attempts\Visible_SiNx_FD_FYP_Working_archive\Result\Port1_pInfo2(#0005).pmf
C:\MetaSurfacesProject\CST\Inital Attempts\Visible_SiNx_FD_FYP_Working_archive\Result\Port1_pInfo3(#0000).pmf
C:\MetaSurfacesProject\CST\Inital Attempts\Visible_SiNx_FD_FYP_Working_archive\Result\Port1_pInfo3(#0001).pmf
C:\MetaSurfacesProject\CST\Inital Attempts\Visible_SiNx_FD_FYP_Working_archive\Result\Port1_pInfo3(#0002).pmf
C:\MetaSurfacesProject\CST\Inital Attempts\Visible_SiNx_FD_FYP_Working_archive\Result\Port1_pInfo3(#0003).pmf
C:\MetaSurfacesProject\CST\Inital Attempts\Visible_SiNx_FD_FYP_Working_archive\Result\Port1_pInfo3(#0004).pmf
C:\MetaSurfacesProject\CST\Inital Attempts\Visible_SiNx_FD_FYP_Working_archive\Result\Port1_pInfo3(#0005).pmf
C:\MetaSurfacesProject\CST\Inital Attempts\Visible_SiNx_FD_FYP_Working_archive\Result\Port1_pInfo4(#0000).pmf
C:\MetaSurfacesProject\CST\Inital Attempts\Visible_SiNx_FD_FYP_Working_archive\Result\Port1_pInfo4(#0001).pmf
C:\MetaSurfacesProject\CST\Inital Attempts\Visible_SiNx_FD_FYP_Working_archive\Result\Port1_pInfo4(#0002).pmf
C:\MetaSurfacesProject\CST\Inital Attempts\Visible_SiNx_FD_FYP_Working_archive\Result\Port1_pInfo4(#0003).pmf
C:\MetaSurfacesProject\CST\Inital Attempts\Visible_SiNx_FD_FYP_Working_archive\Result\Port1_pInfo4(#0004).pmf
C:\MetaSurfacesProject\CST\Inital Attempts\Visible_SiNx_FD_FYP_Working_archive\Result\Port1_pInfo4(#0005).pmf
C:\MetaSurfacesProject\CST\Inital Attempts\Visible_SiNx_FD_FYP_Working_archive\Result\Port1_pInfo5(#0000).pmf
C:\MetaSurfacesProject\CST\Inital Attempts\Visible_SiNx_FD_FYP_Working_archive\Result\Port1_pInfo5(#0001).pmf
C:\MetaSurfacesProject\CST\Inital Attempts\Visible_SiNx_FD_FYP_Working_archive\Result\Port1_pInfo5(#0002).pmf
C:\MetaSurfacesProject\CST\Inital Attempts\Visible_SiNx_FD_FYP_Working_archive\Result\Port1_pInfo5(#0003).pmf
C:\MetaSurfacesProject\CST\Inital Attempts\Visible_SiNx_FD_FYP_Working_archive\Result\Port1_pInfo5(#0004).pmf
C:\MetaSurfacesProject\CST\Inital Attempts\Visible_SiNx_FD_FYP_Working_archive\Result\Port1_pInfo5(#0005).pmf
C:\MetaSurfacesProject\CST\Inital Attempts\Visible_SiNx_FD_FYP_Working_archive\Result\Port1_pInfo6(#0000).pmf
C:\MetaSurfacesProject\CST\Inital Attempts\Visible_SiNx_FD_FYP_Working_archive\Result\Port1_pInfo6(#0001).pmf
C:\MetaSurfacesProject\CST\Inital Attempts\Visible_SiNx_FD_FYP_Working_archive\Result\Port1_pInfo6(#0002).pmf
C:\MetaSurfacesProject\CST\Inital Attempts\Visible_SiNx_FD_FYP_Working_archive\Result\Port1_pInfo6(#0003).pmf
C:\MetaSurfacesProject\CST\Inital Attempts\Visible_SiNx_FD_FYP_Working_archive\Result\Port1_pInfo6(#0004).pmf
C:\MetaSurfacesProject\CST\Inital Attempts\Visible_SiNx_FD_FYP_Working_archive\Result\Port1_pInfo6(#0005).pmf
C:\MetaSurfacesProject\CST\Inital Attempts\Visible_SiNx_FD_FYP_Working_archive\Result\Port1_pout1(#0000).sct
C:\MetaSurfacesProject\CST\Inital Attempts\Visible_SiNx_FD_FYP_Working_archive\Result\Port1_pout1(#0001).sct
C:\MetaSurfacesProject\CST\Inital Attempts\Visible_SiNx_FD_FYP_Working_archive\Result\Port1_pout1(#0002).sct
C:\MetaSurfacesProject\CST\Inital Attempts\Visible_SiNx_FD_FYP_Working_archive\Result\Port1_pout1(#0003).sct
C:\MetaSurfacesProject\CST\Inital Attempts\Visible_SiNx_FD_FYP_Working_archive\Result\Port1_pout1(#0004).sct
C:\MetaSurfacesProject\CST\Inital Attempts\Visible_SiNx_FD_FYP_Working_archive\Result\Port1_pout1(#0005).sct
C:\MetaSurfacesProject\CST\Inital Attempts\Visible_SiNx_FD_FYP_Working_archive\Result\Port1_pout2(#0000).sct
C:\MetaSurfacesProject\CST\Inital Attempts\Visible_SiNx_FD_FYP_Working_archive\Result\Port1_pout2(#0001).sct
C:\MetaSurfacesProject\CST\Inital Attempts\Visible_SiNx_FD_FYP_Working_archive\Result\Port1_pout2(#0002).sct
C:\MetaSurfacesProject\CST\Inital Attempts\Visible_SiNx_FD_FYP_Working_archive\Result\Port1_pout2(#0003).sct
C:\MetaSurfacesProject\CST\Inital Attempts\Visible_SiNx_FD_FYP_Working_archive\Result\Port1_pout2(#0004).sct
C:\MetaSurfacesProject\CST\Inital Attempts\Visible_SiNx_FD_FYP_Working_archive\Result\Port1_pout2(#0005).sct
C:\MetaSurfacesProject\CST\Inital Attempts\Visible_SiNx_FD_FYP_Working_archive\Result\Port1_pout3(#0000).sct
C:\MetaSurfacesProject\CST\Inital Attempts\Visible_SiNx_FD_FYP_Working_archive\Result\Port1_pout3(#0001).sct
C:\MetaSurfacesProject\CST\Inital Attempts\Visible_SiNx_FD_FYP_Working_archive\Result\Port1_pout3(#0002).sct
C:\MetaSurfacesProject\CST\Inital Attempts\Visible_SiNx_FD_FYP_Working_archive\Result\Port1_pout3(#0003).sct
C:\MetaSurfacesProject\CST\Inital Attempts\Visible_SiNx_FD_FYP_Working_archive\Result\Port1_pout3(#0004).sct
C:\MetaSurfacesProject\CST\Inital Attempts\Visible_SiNx_FD_FYP_Working_archive\Result\Port1_pout3(#0005).sct
C:\MetaSurfacesProject\CST\Inital Attempts\Visible_SiNx_FD_FYP_Working_archive\Result\Port1_pout4(#0000).sct
C:\MetaSurfacesProject\CST\Inital Attempts\Visible_SiNx_FD_FYP_Working_archive\Result\Port1_pout4(#0001).sct
C:\MetaSurfacesProject\CST\Inital Attempts\Visible_SiNx_FD_FYP_Working_archive\Result\Port1_pout4(#0002).sct
C:\MetaSurfacesProject\CST\Inital Attempts\Visible_SiNx_FD_FYP_Working_archive\Result\Port1_pout4(#0003).sct
C:\MetaSurfacesProject\CST\Inital Attempts\Visible_SiNx_FD_FYP_Working_archive\Result\Port1_pout4(#0004).sct
C:\MetaSurfacesProject\CST\Inital Attempts\Visible_SiNx_FD_FYP_Working_archive\Result\Port1_pout4(#0005).sct
C:\MetaSurfacesProject\CST\Inital Attempts\Visible_SiNx_FD_FYP_Working_archive\Result\Port1_pout5(#0000).sct
C:\MetaSurfacesProject\CST\Inital Attempts\Visible_SiNx_FD_FYP_Working_archive\Result\Port1_pout5(#0001).sct
C:\MetaSurfacesProject\CST\Inital Attempts\Visible_SiNx_FD_FYP_Working_archive\Result\Port1_pout5(#0002).sct
C:\MetaSurfacesProject\CST\Inital Attempts\Visible_SiNx_FD_FYP_Working_archive\Result\Port1_pout5(#0003).sct
C:\MetaSurfacesProject\CST\Inital Attempts\Visible_SiNx_FD_FYP_Working_archive\Result\Port1_pout5(#0004).sct
C:\MetaSurfacesProject\CST\Inital Attempts\Visible_SiNx_FD_FYP_Working_archive\Result\Port1_pout5(#0005).sct
C:\MetaSurfacesProject\CST\Inital Attempts\Visible_SiNx_FD_FYP_Working_archive\Result\Port1_pout6(#0000).sct
C:\MetaSurfacesProject\CST\Inital Attempts\Visible_SiNx_FD_FYP_Working_archive\Result\Port1_pout6(#0001).sct
C:\MetaSurfacesProject\CST\Inital Attempts\Visible_SiNx_FD_FYP_Working_archive\Result\Port1_pout6(#0002).sct
C:\MetaSurfacesProject\CST\Inital Attempts\Visible_SiNx_FD_FYP_Working_archive\Result\Port1_pout6(#0003).sct
C:\MetaSurfacesProject\CST\Inital Attempts\Visible_SiNx_FD_FYP_Working_archive\Result\Port1_pout6(#0004).sct
C:\MetaSurfacesProject\CST\Inital Attempts\Visible_SiNx_FD_FYP_Working_archive\Result\Port1_pout6(#0005).sct
C:\MetaSurfacesProject\CST\Inital Attempts\Visible_SiNx_FD_FYP_Working_archive\Result\Port2_e1(#0000).sct
C:\MetaSurfacesProject\CST\Inital Attempts\Visible_SiNx_FD_FYP_Working_archive\Result\Port2_e1(#0001).sct
C:\MetaSurfacesProject\CST\Inital Attempts\Visible_SiNx_FD_FYP_Working_archive\Result\Port2_e1(#0002).sct
C:\MetaSurfacesProject\CST\Inital Attempts\Visible_SiNx_FD_FYP_Working_archive\Result\Port2_e1(#0003).sct
C:\MetaSurfacesProject\CST\Inital Attempts\Visible_SiNx_FD_FYP_Working_archive\Result\Port2_e1(#0004).sct
C:\MetaSurfacesProject\CST\Inital Attempts\Visible_SiNx_FD_FYP_Working_archive\Result\Port2_e1(#0005).sct
C:\MetaSurfacesProject\CST\Inital Attempts\Visible_SiNx_FD_FYP_Working_archive\Result\Port2_e2(#0000).sct
C:\MetaSurfacesProject\CST\Inital Attempts\Visible_SiNx_FD_FYP_Working_archive\Result\Port2_e2(#0001).sct
C:\MetaSurfacesProject\CST\Inital Attempts\Visible_SiNx_FD_FYP_Working_archive\Result\Port2_e2(#0002).sct
C:\MetaSurfacesProject\CST\Inital Attempts\Visible_SiNx_FD_FYP_Working_archive\Result\Port2_e2(#0003).sct
C:\MetaSurfacesProject\CST\Inital Attempts\Visible_SiNx_FD_FYP_Working_archive\Result\Port2_e2(#0004).sct
C:\MetaSurfacesProject\CST\Inital Attempts\Visible_SiNx_FD_FYP_Working_archive\Result\Port2_e2(#0005).sct
C:\MetaSurfacesProject\CST\Inital Attempts\Visible_SiNx_FD_FYP_Working_archive\Result\Port2_e3(#0000).sct
C:\MetaSurfacesProject\CST\Inital Attempts\Visible_SiNx_FD_FYP_Working_archive\Result\Port2_e3(#0001).sct
C:\MetaSurfacesProject\CST\Inital Attempts\Visible_SiNx_FD_FYP_Working_archive\Result\Port2_e3(#0002).sct
C:\MetaSurfacesProject\CST\Inital Attempts\Visible_SiNx_FD_FYP_Working_archive\Result\Port2_e3(#0003).sct
C:\MetaSurfacesProject\CST\Inital Attempts\Visible_SiNx_FD_FYP_Working_archive\Result\Port2_e3(#0004).sct
C:\MetaSurfacesProject\CST\Inital Attempts\Visible_SiNx_FD_FYP_Working_archive\Result\Port2_e3(#0005).sct
C:\MetaSurfacesProject\CST\Inital Attempts\Visible_SiNx_FD_FYP_Working_archive\Result\Port2_e4(#0000).sct
C:\MetaSurfacesProject\CST\Inital Attempts\Visible_SiNx_FD_FYP_Working_archive\Result\Port2_e4(#0001).sct
C:\MetaSurfacesProject\CST\Inital Attempts\Visible_SiNx_FD_FYP_Working_archive\Result\Port2_e4(#0002).sct
C:\MetaSurfacesProject\CST\Inital Attempts\Visible_SiNx_FD_FYP_Working_archive\Result\Port2_e4(#0003).sct
C:\MetaSurfacesProject\CST\Inital Attempts\Visible_SiNx_FD_FYP_Working_archive\Result\Port2_e4(#0004).sct
C:\MetaSurfacesProject\CST\Inital Attempts\Visible_SiNx_FD_FYP_Working_archive\Result\Port2_e4(#0005).sct
C:\MetaSurfacesProject\CST\Inital Attempts\Visible_SiNx_FD_FYP_Working_archive\Result\Port2_e5(#0000).sct
C:\MetaSurfacesProject\CST\Inital Attempts\Visible_SiNx_FD_FYP_Working_archive\Result\Port2_e5(#0001).sct
C:\MetaSurfacesProject\CST\Inital Attempts\Visible_SiNx_FD_FYP_Working_archive\Result\Port2_e5(#0002).sct
C:\MetaSurfacesProject\CST\Inital Attempts\Visible_SiNx_FD_FYP_Working_archive\Result\Port2_e5(#0003).sct
C:\MetaSurfacesProject\CST\Inital Attempts\Visible_SiNx_FD_FYP_Working_archive\Result\Port2_e5(#0004).sct
C:\MetaSurfacesProject\CST\Inital Attempts\Visible_SiNx_FD_FYP_Working_archive\Result\Port2_e5(#0005).sct
C:\MetaSurfacesProject\CST\Inital Attempts\Visible_SiNx_FD_FYP_Working_archive\Result\Port2_e6(#0000).sct
C:\MetaSurfacesProject\CST\Inital Attempts\Visible_SiNx_FD_FYP_Working_archive\Result\Port2_e6(#0001).sct
C:\MetaSurfacesProject\CST\Inital Attempts\Visible_SiNx_FD_FYP_Working_archive\Result\Port2_e6(#0002).sct
C:\MetaSurfacesProject\CST\Inital Attempts\Visible_SiNx_FD_FYP_Working_archive\Result\Port2_e6(#0003).sct
C:\MetaSurfacesProject\CST\Inital Attempts\Visible_SiNx_FD_FYP_Working_archive\Result\Port2_e6(#0004).sct
C:\MetaSurfacesProject\CST\Inital Attempts\Visible_SiNx_FD_FYP_Working_archive\Result\Port2_e6(#0005).sct
C:\MetaSurfacesProject\CST\Inital Attempts\Visible_SiNx_FD_FYP_Working_archive\Result\Port2_eInfo1(#0000).pmf
C:\MetaSurfacesProject\CST\Inital Attempts\Visible_SiNx_FD_FYP_Working_archive\Result\Port2_eInfo1(#0001).pmf
C:\MetaSurfacesProject\CST\Inital Attempts\Visible_SiNx_FD_FYP_Working_archive\Result\Port2_eInfo1(#0002).pmf
C:\MetaSurfacesProject\CST\Inital Attempts\Visible_SiNx_FD_FYP_Working_archive\Result\Port2_eInfo1(#0003).pmf
C:\MetaSurfacesProject\CST\Inital Attempts\Visible_SiNx_FD_FYP_Working_archive\Result\Port2_eInfo1(#0004).pmf
C:\MetaSurfacesProject\CST\Inital Attempts\Visible_SiNx_FD_FYP_Working_archive\Result\Port2_eInfo1(#0005).pmf
C:\MetaSurfacesProject\CST\Inital Attempts\Visible_SiNx_FD_FYP_Working_archive\Result\Port2_eInfo2(#0000).pmf
C:\MetaSurfacesProject\CST\Inital Attempts\Visible_SiNx_FD_FYP_Working_archive\Result\Port2_eInfo2(#0001).pmf
C:\MetaSurfacesProject\CST\Inital Attempts\Visible_SiNx_FD_FYP_Working_archive\Result\Port2_eInfo2(#0002).pmf
C:\MetaSurfacesProject\CST\Inital Attempts\Visible_SiNx_FD_FYP_Working_archive\Result\Port2_eInfo2(#0003).pmf
C:\MetaSurfacesProject\CST\Inital Attempts\Visible_SiNx_FD_FYP_Working_archive\Result\Port2_eInfo2(#0004).pmf
C:\MetaSurfacesProject\CST\Inital Attempts\Visible_SiNx_FD_FYP_Working_archive\Result\Port2_eInfo2(#0005).pmf
C:\MetaSurfacesProject\CST\Inital Attempts\Visible_SiNx_FD_FYP_Working_archive\Result\Port2_eInfo3(#0000).pmf
C:\MetaSurfacesProject\CST\Inital Attempts\Visible_SiNx_FD_FYP_Working_archive\Result\Port2_eInfo3(#0001).pmf
C:\MetaSurfacesProject\CST\Inital Attempts\Visible_SiNx_FD_FYP_Working_archive\Result\Port2_eInfo3(#0002).pmf
C:\MetaSurfacesProject\CST\Inital Attempts\Visible_SiNx_FD_FYP_Working_archive\Result\Port2_eInfo3(#0003).pmf
C:\MetaSurfacesProject\CST\Inital Attempts\Visible_SiNx_FD_FYP_Working_archive\Result\Port2_eInfo3(#0004).pmf
C:\MetaSurfacesProject\CST\Inital Attempts\Visible_SiNx_FD_FYP_Working_archive\Result\Port2_eInfo3(#0005).pmf
C:\MetaSurfacesProject\CST\Inital Attempts\Visible_SiNx_FD_FYP_Working_archive\Result\Port2_eInfo4(#0000).pmf
C:\MetaSurfacesProject\CST\Inital Attempts\Visible_SiNx_FD_FYP_Working_archive\Result\Port2_eInfo4(#0001).pmf
C:\MetaSurfacesProject\CST\Inital Attempts\Visible_SiNx_FD_FYP_Working_archive\Result\Port2_eInfo4(#0002).pmf
C:\MetaSurfacesProject\CST\Inital Attempts\Visible_SiNx_FD_FYP_Working_archive\Result\Port2_eInfo4(#0003).pmf
C:\MetaSurfacesProject\CST\Inital Attempts\Visible_SiNx_FD_FYP_Working_archive\Result\Port2_eInfo4(#0004).pmf
C:\MetaSurfacesProject\CST\Inital Attempts\Visible_SiNx_FD_FYP_Working_archive\Result\Port2_eInfo4(#0005).pmf
C:\MetaSurfacesProject\CST\Inital Attempts\Visible_SiNx_FD_FYP_Working_archive\Result\Port2_eInfo5(#0000).pmf
C:\MetaSurfacesProject\CST\Inital Attempts\Visible_SiNx_FD_FYP_Working_archive\Result\Port2_eInfo5(#0001).pmf
C:\MetaSurfacesProject\CST\Inital Attempts\Visible_SiNx_FD_FYP_Working_archive\Result\Port2_eInfo5(#0002).pmf
C:\MetaSurfacesProject\CST\Inital Attempts\Visible_SiNx_FD_FYP_Working_archive\Result\Port2_eInfo5(#0003).pmf
C:\MetaSurfacesProject\CST\Inital Attempts\Visible_SiNx_FD_FYP_Working_archive\Result\Port2_eInfo5(#0004).pmf
C:\MetaSurfacesProject\CST\Inital Attempts\Visible_SiNx_FD_FYP_Working_archive\Result\Port2_eInfo5(#0005).pmf
C:\MetaSurfacesProject\CST\Inital Attempts\Visible_SiNx_FD_FYP_Working_archive\Result\Port2_eInfo6(#0000).pmf
C:\MetaSurfacesProject\CST\Inital Attempts\Visible_SiNx_FD_FYP_Working_archive\Result\Port2_eInfo6(#0001).pmf
C:\MetaSurfacesProject\CST\Inital Attempts\Visible_SiNx_FD_FYP_Working_archive\Result\Port2_eInfo6(#0002).pmf
C:\MetaSurfacesProject\CST\Inital Attempts\Visible_SiNx_FD_FYP_Working_archive\Result\Port2_eInfo6(#0003).pmf
C:\MetaSurfacesProject\CST\Inital Attempts\Visible_SiNx_FD_FYP_Working_archive\Result\Port2_eInfo6(#0004).pmf
C:\MetaSurfacesProject\CST\Inital Attempts\Visible_SiNx_FD_FYP_Working_archive\Result\Port2_eInfo6(#0005).pmf
C:\MetaSurfacesProject\CST\Inital Attempts\Visible_SiNx_FD_FYP_Working_archive\Result\Port2_eout1(#0000).sct
C:\MetaSurfacesProject\CST\Inital Attempts\Visible_SiNx_FD_FYP_Working_archive\Result\Port2_eout1(#0001).sct
C:\MetaSurfacesProject\CST\Inital Attempts\Visible_SiNx_FD_FYP_Working_archive\Result\Port2_eout1(#0002).sct
C:\MetaSurfacesProject\CST\Inital Attempts\Visible_SiNx_FD_FYP_Working_archive\Result\Port2_eout1(#0003).sct
C:\MetaSurfacesProject\CST\Inital Attempts\Visible_SiNx_FD_FYP_Working_archive\Result\Port2_eout1(#0004).sct
C:\MetaSurfacesProject\CST\Inital Attempts\Visible_SiNx_FD_FYP_Working_archive\Result\Port2_eout1(#0005).sct
C:\MetaSurfacesProject\CST\Inital Attempts\Visible_SiNx_FD_FYP_Working_archive\Result\Port2_eout2(#0000).sct
C:\MetaSurfacesProject\CST\Inital Attempts\Visible_SiNx_FD_FYP_Working_archive\Result\Port2_eout2(#0001).sct
C:\MetaSurfacesProject\CST\Inital Attempts\Visible_SiNx_FD_FYP_Working_archive\Result\Port2_eout2(#0002).sct
C:\MetaSurfacesProject\CST\Inital Attempts\Visible_SiNx_FD_FYP_Working_archive\Result\Port2_eout2(#0003).sct
C:\MetaSurfacesProject\CST\Inital Attempts\Visible_SiNx_FD_FYP_Working_archive\Result\Port2_eout2(#0004).sct
C:\MetaSurfacesProject\CST\Inital Attempts\Visible_SiNx_FD_FYP_Working_archive\Result\Port2_eout2(#0005).sct
C:\MetaSurfacesProject\CST\Inital Attempts\Visible_SiNx_FD_FYP_Working_archive\Result\Port2_eout3(#0000).sct
C:\MetaSurfacesProject\CST\Inital Attempts\Visible_SiNx_FD_FYP_Working_archive\Result\Port2_eout3(#0001).sct
C:\MetaSurfacesProject\CST\Inital Attempts\Visible_SiNx_FD_FYP_Working_archive\Result\Port2_eout3(#0002).sct
C:\MetaSurfacesProject\CST\Inital Attempts\Visible_SiNx_FD_FYP_Working_archive\Result\Port2_eout3(#0003).sct
C:\MetaSurfacesProject\CST\Inital Attempts\Visible_SiNx_FD_FYP_Working_archive\Result\Port2_eout3(#0004).sct
C:\MetaSurfacesProject\CST\Inital Attempts\Visible_SiNx_FD_FYP_Working_archive\Result\Port2_eout3(#0005).sct
C:\MetaSurfacesProject\CST\Inital Attempts\Visible_SiNx_FD_FYP_Working_archive\Result\Port2_eout4(#0000).sct
C:\MetaSurfacesProject\CST\Inital Attempts\Visible_SiNx_FD_FYP_Working_archive\Result\Port2_eout4(#0001).sct
C:\MetaSurfacesProject\CST\Inital Attempts\Visible_SiNx_FD_FYP_Working_archive\Result\Port2_eout4(#0002).sct
C:\MetaSurfacesProject\CST\Inital Attempts\Visible_SiNx_FD_FYP_Working_archive\Result\Port2_eout4(#0003).sct
C:\MetaSurfacesProject\CST\Inital Attempts\Visible_SiNx_FD_FYP_Working_archive\Result\Port2_eout4(#0004).sct
C:\MetaSurfacesProject\CST\Inital Attempts\Visible_SiNx_FD_FYP_Working_archive\Result\Port2_eout4(#0005).sct
C:\MetaSurfacesProject\CST\Inital Attempts\Visible_SiNx_FD_FYP_Working_archive\Result\Port2_eout5(#0000).sct
C:\MetaSurfacesProject\CST\Inital Attempts\Visible_SiNx_FD_FYP_Working_archive\Result\Port2_eout5(#0001).sct
C:\MetaSurfacesProject\CST\Inital Attempts\Visible_SiNx_FD_FYP_Working_archive\Result\Port2_eout5(#0002).sct
C:\MetaSurfacesProject\CST\Inital Attempts\Visible_SiNx_FD_FYP_Working_archive\Result\Port2_eout5(#0003).sct
C:\MetaSurfacesProject\CST\Inital Attempts\Visible_SiNx_FD_FYP_Working_archive\Result\Port2_eout5(#0004).sct
C:\MetaSurfacesProject\CST\Inital Attempts\Visible_SiNx_FD_FYP_Working_archive\Result\Port2_eout5(#0005).sct
C:\MetaSurfacesProject\CST\Inital Attempts\Visible_SiNx_FD_FYP_Working_archive\Result\Port2_eout6(#0000).sct
C:\MetaSurfacesProject\CST\Inital Attempts\Visible_SiNx_FD_FYP_Working_archive\Result\Port2_eout6(#0001).sct
C:\MetaSurfacesProject\CST\Inital Attempts\Visible_SiNx_FD_FYP_Working_archive\Result\Port2_eout6(#0002).sct
C:\MetaSurfacesProject\CST\Inital Attempts\Visible_SiNx_FD_FYP_Working_archive\Result\Port2_eout6(#0003).sct
C:\MetaSurfacesProject\CST\Inital Attempts\Visible_SiNx_FD_FYP_Working_archive\Result\Port2_eout6(#0004).sct
C:\MetaSurfacesProject\CST\Inital Attempts\Visible_SiNx_FD_FYP_Working_archive\Result\Port2_eout6(#0005).sct
C:\MetaSurfacesProject\CST\Inital Attempts\Visible_SiNx_FD_FYP_Working_archive\Result\Port2_h1(#0000).sct
C:\MetaSurfacesProject\CST\Inital Attempts\Visible_SiNx_FD_FYP_Working_archive\Result\Port2_h1(#0001).sct
C:\MetaSurfacesProject\CST\Inital Attempts\Visible_SiNx_FD_FYP_Working_archive\Result\Port2_h1(#0002).sct
C:\MetaSurfacesProject\CST\Inital Attempts\Visible_SiNx_FD_FYP_Working_archive\Result\Port2_h1(#0003).sct
C:\MetaSurfacesProject\CST\Inital Attempts\Visible_SiNx_FD_FYP_Working_archive\Result\Port2_h1(#0004).sct
C:\MetaSurfacesProject\CST\Inital Attempts\Visible_SiNx_FD_FYP_Working_archive\Result\Port2_h1(#0005).sct
C:\MetaSurfacesProject\CST\Inital Attempts\Visible_SiNx_FD_FYP_Working_archive\Result\Port2_h2(#0000).sct
C:\MetaSurfacesProject\CST\Inital Attempts\Visible_SiNx_FD_FYP_Working_archive\Result\Port2_h2(#0001).sct
C:\MetaSurfacesProject\CST\Inital Attempts\Visible_SiNx_FD_FYP_Working_archive\Result\Port2_h2(#0002).sct
C:\MetaSurfacesProject\CST\Inital Attempts\Visible_SiNx_FD_FYP_Working_archive\Result\Port2_h2(#0003).sct
C:\MetaSurfacesProject\CST\Inital Attempts\Visible_SiNx_FD_FYP_Working_archive\Result\Port2_h2(#0004).sct
C:\MetaSurfacesProject\CST\Inital Attempts\Visible_SiNx_FD_FYP_Working_archive\Result\Port2_h2(#0005).sct
C:\MetaSurfacesProject\CST\Inital Attempts\Visible_SiNx_FD_FYP_Working_archive\Result\Port2_h3(#0000).sct
C:\MetaSurfacesProject\CST\Inital Attempts\Visible_SiNx_FD_FYP_Working_archive\Result\Port2_h3(#0001).sct
C:\MetaSurfacesProject\CST\Inital Attempts\Visible_SiNx_FD_FYP_Working_archive\Result\Port2_h3(#0002).sct
C:\MetaSurfacesProject\CST\Inital Attempts\Visible_SiNx_FD_FYP_Working_archive\Result\Port2_h3(#0003).sct
C:\MetaSurfacesProject\CST\Inital Attempts\Visible_SiNx_FD_FYP_Working_archive\Result\Port2_h3(#0004).sct
C:\MetaSurfacesProject\CST\Inital Attempts\Visible_SiNx_FD_FYP_Working_archive\Result\Port2_h3(#0005).sct
C:\MetaSurfacesProject\CST\Inital Attempts\Visible_SiNx_FD_FYP_Working_archive\Result\Port2_h4(#0000).sct
C:\MetaSurfacesProject\CST\Inital Attempts\Visible_SiNx_FD_FYP_Working_archive\Result\Port2_h4(#0001).sct
C:\MetaSurfacesProject\CST\Inital Attempts\Visible_SiNx_FD_FYP_Working_archive\Result\Port2_h4(#0002).sct
C:\MetaSurfacesProject\CST\Inital Attempts\Visible_SiNx_FD_FYP_Working_archive\Result\Port2_h4(#0003).sct
C:\MetaSurfacesProject\CST\Inital Attempts\Visible_SiNx_FD_FYP_Working_archive\Result\Port2_h4(#0004).sct
C:\MetaSurfacesProject\CST\Inital Attempts\Visible_SiNx_FD_FYP_Working_archive\Result\Port2_h4(#0005).sct
C:\MetaSurfacesProject\CST\Inital Attempts\Visible_SiNx_FD_FYP_Working_archive\Result\Port2_h5(#0000).sct
C:\MetaSurfacesProject\CST\Inital Attempts\Visible_SiNx_FD_FYP_Working_archive\Result\Port2_h5(#0001).sct
C:\MetaSurfacesProject\CST\Inital Attempts\Visible_SiNx_FD_FYP_Working_archive\Result\Port2_h5(#0002).sct
C:\MetaSurfacesProject\CST\Inital Attempts\Visible_SiNx_FD_FYP_Working_archive\Result\Port2_h5(#0003).sct
C:\MetaSurfacesProject\CST\Inital Attempts\Visible_SiNx_FD_FYP_Working_archive\Result\Port2_h5(#0004).sct
C:\MetaSurfacesProject\CST\Inital Attempts\Visible_SiNx_FD_FYP_Working_archive\Result\Port2_h5(#0005).sct
C:\MetaSurfacesProject\CST\Inital Attempts\Visible_SiNx_FD_FYP_Working_archive\Result\Port2_h6(#0000).sct
C:\MetaSurfacesProject\CST\Inital Attempts\Visible_SiNx_FD_FYP_Working_archive\Result\Port2_h6(#0001).sct
C:\MetaSurfacesProject\CST\Inital Attempts\Visible_SiNx_FD_FYP_Working_archive\Result\Port2_h6(#0002).sct
C:\MetaSurfacesProject\CST\Inital Attempts\Visible_SiNx_FD_FYP_Working_archive\Result\Port2_h6(#0003).sct
C:\MetaSurfacesProject\CST\Inital Attempts\Visible_SiNx_FD_FYP_Working_archive\Result\Port2_h6(#0004).sct
C:\MetaSurfacesProject\CST\Inital Attempts\Visible_SiNx_FD_FYP_Working_archive\Result\Port2_h6(#0005).sct
C:\MetaSurfacesProject\CST\Inital Attempts\Visible_SiNx_FD_FYP_Working_archive\Result\Port2_hInfo1(#0000).pmf
C:\MetaSurfacesProject\CST\Inital Attempts\Visible_SiNx_FD_FYP_Working_archive\Result\Port2_hInfo1(#0001).pmf
C:\MetaSurfacesProject\CST\Inital Attempts\Visible_SiNx_FD_FYP_Working_archive\Result\Port2_hInfo1(#0002).pmf
C:\MetaSurfacesProject\CST\Inital Attempts\Visible_SiNx_FD_FYP_Working_archive\Result\Port2_hInfo1(#0003).pmf
C:\MetaSurfacesProject\CST\Inital Attempts\Visible_SiNx_FD_FYP_Working_archive\Result\Port2_hInfo1(#0004).pmf
C:\MetaSurfacesProject\CST\Inital Attempts\Visible_SiNx_FD_FYP_Working_archive\Result\Port2_hInfo1(#0005).pmf
C:\MetaSurfacesProject\CST\Inital Attempts\Visible_SiNx_FD_FYP_Working_archive\Result\Port2_hInfo2(#0000).pmf
C:\MetaSurfacesProject\CST\Inital Attempts\Visible_SiNx_FD_FYP_Working_archive\Result\Port2_hInfo2(#0001).pmf
C:\MetaSurfacesProject\CST\Inital Attempts\Visible_SiNx_FD_FYP_Working_archive\Result\Port2_hInfo2(#0002).pmf
C:\MetaSurfacesProject\CST\Inital Attempts\Visible_SiNx_FD_FYP_Working_archive\Result\Port2_hInfo2(#0003).pmf
C:\MetaSurfacesProject\CST\Inital Attempts\Visible_SiNx_FD_FYP_Working_archive\Result\Port2_hInfo2(#0004).pmf
C:\MetaSurfacesProject\CST\Inital Attempts\Visible_SiNx_FD_FYP_Working_archive\Result\Port2_hInfo2(#0005).pmf
C:\MetaSurfacesProject\CST\Inital Attempts\Visible_SiNx_FD_FYP_Working_archive\Result\Port2_hInfo3(#0000).pmf
C:\MetaSurfacesProject\CST\Inital Attempts\Visible_SiNx_FD_FYP_Working_archive\Result\Port2_hInfo3(#0001).pmf
C:\MetaSurfacesProject\CST\Inital Attempts\Visible_SiNx_FD_FYP_Working_archive\Result\Port2_hInfo3(#0002).pmf
C:\MetaSurfacesProject\CST\Inital Attempts\Visible_SiNx_FD_FYP_Working_archive\Result\Port2_hInfo3(#0003).pmf
C:\MetaSurfacesProject\CST\Inital Attempts\Visible_SiNx_FD_FYP_Working_archive\Result\Port2_hInfo3(#0004).pmf
C:\MetaSurfacesProject\CST\Inital Attempts\Visible_SiNx_FD_FYP_Working_archive\Result\Port2_hInfo3(#0005).pmf
C:\MetaSurfacesProject\CST\Inital Attempts\Visible_SiNx_FD_FYP_Working_archive\Result\Port2_hInfo4(#0000).pmf
C:\MetaSurfacesProject\CST\Inital Attempts\Visible_SiNx_FD_FYP_Working_archive\Result\Port2_hInfo4(#0001).pmf
C:\MetaSurfacesProject\CST\Inital Attempts\Visible_SiNx_FD_FYP_Working_archive\Result\Port2_hInfo4(#0002).pmf
C:\MetaSurfacesProject\CST\Inital Attempts\Visible_SiNx_FD_FYP_Working_archive\Result\Port2_hInfo4(#0003).pmf
C:\MetaSurfacesProject\CST\Inital Attempts\Visible_SiNx_FD_FYP_Working_archive\Result\Port2_hInfo4(#0004).pmf
C:\MetaSurfacesProject\CST\Inital Attempts\Visible_SiNx_FD_FYP_Working_archive\Result\Port2_hInfo4(#0005).pmf
C:\MetaSurfacesProject\CST\Inital Attempts\Visible_SiNx_FD_FYP_Working_archive\Result\Port2_hInfo5(#0000).pmf
C:\MetaSurfacesProject\CST\Inital Attempts\Visible_SiNx_FD_FYP_Working_archive\Result\Port2_hInfo5(#0001).pmf
C:\MetaSurfacesProject\CST\Inital Attempts\Visible_SiNx_FD_FYP_Working_archive\Result\Port2_hInfo5(#0002).pmf
C:\MetaSurfacesProject\CST\Inital Attempts\Visible_SiNx_FD_FYP_Working_archive\Result\Port2_hInfo5(#0003).pmf
C:\MetaSurfacesProject\CST\Inital Attempts\Visible_SiNx_FD_FYP_Working_archive\Result\Port2_hInfo5(#0004).pmf
C:\MetaSurfacesProject\CST\Inital Attempts\Visible_SiNx_FD_FYP_Working_archive\Result\Port2_hInfo5(#0005).pmf
C:\MetaSurfacesProject\CST\Inital Attempts\Visible_SiNx_FD_FYP_Working_archive\Result\Port2_hInfo6(#0000).pmf
C:\MetaSurfacesProject\CST\Inital Attempts\Visible_SiNx_FD_FYP_Working_archive\Result\Port2_hInfo6(#0001).pmf
C:\MetaSurfacesProject\CST\Inital Attempts\Visible_SiNx_FD_FYP_Working_archive\Result\Port2_hInfo6(#0002).pmf
C:\MetaSurfacesProject\CST\Inital Attempts\Visible_SiNx_FD_FYP_Working_archive\Result\Port2_hInfo6(#0003).pmf
C:\MetaSurfacesProject\CST\Inital Attempts\Visible_SiNx_FD_FYP_Working_archive\Result\Port2_hInfo6(#0004).pmf
C:\MetaSurfacesProject\CST\Inital Attempts\Visible_SiNx_FD_FYP_Working_archive\Result\Port2_hInfo6(#0005).pmf
C:\MetaSurfacesProject\CST\Inital Attempts\Visible_SiNx_FD_FYP_Working_archive\Result\Port2_hout1(#0000).sct
C:\MetaSurfacesProject\CST\Inital Attempts\Visible_SiNx_FD_FYP_Working_archive\Result\Port2_hout1(#0001).sct
C:\MetaSurfacesProject\CST\Inital Attempts\Visible_SiNx_FD_FYP_Working_archive\Result\Port2_hout1(#0002).sct
C:\MetaSurfacesProject\CST\Inital Attempts\Visible_SiNx_FD_FYP_Working_archive\Result\Port2_hout1(#0003).sct
C:\MetaSurfacesProject\CST\Inital Attempts\Visible_SiNx_FD_FYP_Working_archive\Result\Port2_hout1(#0004).sct
C:\MetaSurfacesProject\CST\Inital Attempts\Visible_SiNx_FD_FYP_Working_archive\Result\Port2_hout1(#0005).sct
C:\MetaSurfacesProject\CST\Inital Attempts\Visible_SiNx_FD_FYP_Working_archive\Result\Port2_hout2(#0000).sct
C:\MetaSurfacesProject\CST\Inital Attempts\Visible_SiNx_FD_FYP_Working_archive\Result\Port2_hout2(#0001).sct
C:\MetaSurfacesProject\CST\Inital Attempts\Visible_SiNx_FD_FYP_Working_archive\Result\Port2_hout2(#0002).sct
C:\MetaSurfacesProject\CST\Inital Attempts\Visible_SiNx_FD_FYP_Working_archive\Result\Port2_hout2(#0003).sct
C:\MetaSurfacesProject\CST\Inital Attempts\Visible_SiNx_FD_FYP_Working_archive\Result\Port2_hout2(#0004).sct
C:\MetaSurfacesProject\CST\Inital Attempts\Visible_SiNx_FD_FYP_Working_archive\Result\Port2_hout2(#0005).sct
C:\MetaSurfacesProject\CST\Inital Attempts\Visible_SiNx_FD_FYP_Working_archive\Result\Port2_hout3(#0000).sct
C:\MetaSurfacesProject\CST\Inital Attempts\Visible_SiNx_FD_FYP_Working_archive\Result\Port2_hout3(#0001).sct
C:\MetaSurfacesProject\CST\Inital Attempts\Visible_SiNx_FD_FYP_Working_archive\Result\Port2_hout3(#0002).sct
C:\MetaSurfacesProject\CST\Inital Attempts\Visible_SiNx_FD_FYP_Working_archive\Result\Port2_hout3(#0003).sct
C:\MetaSurfacesProject\CST\Inital Attempts\Visible_SiNx_FD_FYP_Working_archive\Result\Port2_hout3(#0004).sct
C:\MetaSurfacesProject\CST\Inital Attempts\Visible_SiNx_FD_FYP_Working_archive\Result\Port2_hout3(#0005).sct
C:\MetaSurfacesProject\CST\Inital Attempts\Visible_SiNx_FD_FYP_Working_archive\Result\Port2_hout4(#0000).sct
C:\MetaSurfacesProject\CST\Inital Attempts\Visible_SiNx_FD_FYP_Working_archive\Result\Port2_hout4(#0001).sct
C:\MetaSurfacesProject\CST\Inital Attempts\Visible_SiNx_FD_FYP_Working_archive\Result\Port2_hout4(#0002).sct
C:\MetaSurfacesProject\CST\Inital Attempts\Visible_SiNx_FD_FYP_Working_archive\Result\Port2_hout4(#0003).sct
C:\MetaSurfacesProject\CST\Inital Attempts\Visible_SiNx_FD_FYP_Working_archive\Result\Port2_hout4(#0004).sct
C:\MetaSurfacesProject\CST\Inital Attempts\Visible_SiNx_FD_FYP_Working_archive\Result\Port2_hout4(#0005).sct
C:\MetaSurfacesProject\CST\Inital Attempts\Visible_SiNx_FD_FYP_Working_archive\Result\Port2_hout5(#0000).sct
C:\MetaSurfacesProject\CST\Inital Attempts\Visible_SiNx_FD_FYP_Working_archive\Result\Port2_hout5(#0001).sct
C:\MetaSurfacesProject\CST\Inital Attempts\Visible_SiNx_FD_FYP_Working_archive\Result\Port2_hout5(#0002).sct
C:\MetaSurfacesProject\CST\Inital Attempts\Visible_SiNx_FD_FYP_Working_archive\Result\Port2_hout5(#0003).sct
C:\MetaSurfacesProject\CST\Inital Attempts\Visible_SiNx_FD_FYP_Working_archive\Result\Port2_hout5(#0004).sct
C:\MetaSurfacesProject\CST\Inital Attempts\Visible_SiNx_FD_FYP_Working_archive\Result\Port2_hout5(#0005).sct
C:\MetaSurfacesProject\CST\Inital Attempts\Visible_SiNx_FD_FYP_Working_archive\Result\Port2_hout6(#0000).sct
C:\MetaSurfacesProject\CST\Inital Attempts\Visible_SiNx_FD_FYP_Working_archive\Result\Port2_hout6(#0001).sct
C:\MetaSurfacesProject\CST\Inital Attempts\Visible_SiNx_FD_FYP_Working_archive\Result\Port2_hout6(#0002).sct
C:\MetaSurfacesProject\CST\Inital Attempts\Visible_SiNx_FD_FYP_Working_archive\Result\Port2_hout6(#0003).sct
C:\MetaSurfacesProject\CST\Inital Attempts\Visible_SiNx_FD_FYP_Working_archive\Result\Port2_hout6(#0004).sct
C:\MetaSurfacesProject\CST\Inital Attempts\Visible_SiNx_FD_FYP_Working_archive\Result\Port2_hout6(#0005).sct
C:\MetaSurfacesProject\CST\Inital Attempts\Visible_SiNx_FD_FYP_Working_archive\Result\Port2_p1(#0000).sct
C:\MetaSurfacesProject\CST\Inital Attempts\Visible_SiNx_FD_FYP_Working_archive\Result\Port2_p1(#0001).sct
C:\MetaSurfacesProject\CST\Inital Attempts\Visible_SiNx_FD_FYP_Working_archive\Result\Port2_p1(#0002).sct
C:\MetaSurfacesProject\CST\Inital Attempts\Visible_SiNx_FD_FYP_Working_archive\Result\Port2_p1(#0003).sct
C:\MetaSurfacesProject\CST\Inital Attempts\Visible_SiNx_FD_FYP_Working_archive\Result\Port2_p1(#0004).sct
C:\MetaSurfacesProject\CST\Inital Attempts\Visible_SiNx_FD_FYP_Working_archive\Result\Port2_p1(#0005).sct
C:\MetaSurfacesProject\CST\Inital Attempts\Visible_SiNx_FD_FYP_Working_archive\Result\Port2_p2(#0000).sct
C:\MetaSurfacesProject\CST\Inital Attempts\Visible_SiNx_FD_FYP_Working_archive\Result\Port2_p2(#0001).sct
C:\MetaSurfacesProject\CST\Inital Attempts\Visible_SiNx_FD_FYP_Working_archive\Result\Port2_p2(#0002).sct
C:\MetaSurfacesProject\CST\Inital Attempts\Visible_SiNx_FD_FYP_Working_archive\Result\Port2_p2(#0003).sct
C:\MetaSurfacesProject\CST\Inital Attempts\Visible_SiNx_FD_FYP_Working_archive\Result\Port2_p2(#0004).sct
C:\MetaSurfacesProject\CST\Inital Attempts\Visible_SiNx_FD_FYP_Working_archive\Result\Port2_p2(#0005).sct
C:\MetaSurfacesProject\CST\Inital Attempts\Visible_SiNx_FD_FYP_Working_archive\Result\Port2_p3(#0000).sct
C:\MetaSurfacesProject\CST\Inital Attempts\Visible_SiNx_FD_FYP_Working_archive\Result\Port2_p3(#0001).sct
C:\MetaSurfacesProject\CST\Inital Attempts\Visible_SiNx_FD_FYP_Working_archive\Result\Port2_p3(#0002).sct
C:\MetaSurfacesProject\CST\Inital Attempts\Visible_SiNx_FD_FYP_Working_archive\Result\Port2_p3(#0003).sct
C:\MetaSurfacesProject\CST\Inital Attempts\Visible_SiNx_FD_FYP_Working_archive\Result\Port2_p3(#0004).sct
C:\MetaSurfacesProject\CST\Inital Attempts\Visible_SiNx_FD_FYP_Working_archive\Result\Port2_p3(#0005).sct
C:\MetaSurfacesProject\CST\Inital Attempts\Visible_SiNx_FD_FYP_Working_archive\Result\Port2_p4(#0000).sct
C:\MetaSurfacesProject\CST\Inital Attempts\Visible_SiNx_FD_FYP_Working_archive\Result\Port2_p4(#0001).sct
C:\MetaSurfacesProject\CST\Inital Attempts\Visible_SiNx_FD_FYP_Working_archive\Result\Port2_p4(#0002).sct
C:\MetaSurfacesProject\CST\Inital Attempts\Visible_SiNx_FD_FYP_Working_archive\Result\Port2_p4(#0003).sct
C:\MetaSurfacesProject\CST\Inital Attempts\Visible_SiNx_FD_FYP_Working_archive\Result\Port2_p4(#0004).sct
C:\MetaSurfacesProject\CST\Inital Attempts\Visible_SiNx_FD_FYP_Working_archive\Result\Port2_p4(#0005).sct
C:\MetaSurfacesProject\CST\Inital Attempts\Visible_SiNx_FD_FYP_Working_archive\Result\Port2_p5(#0000).sct
C:\MetaSurfacesProject\CST\Inital Attempts\Visible_SiNx_FD_FYP_Working_archive\Result\Port2_p5(#0001).sct
C:\MetaSurfacesProject\CST\Inital Attempts\Visible_SiNx_FD_FYP_Working_archive\Result\Port2_p5(#0002).sct
C:\MetaSurfacesProject\CST\Inital Attempts\Visible_SiNx_FD_FYP_Working_archive\Result\Port2_p5(#0003).sct
C:\MetaSurfacesProject\CST\Inital Attempts\Visible_SiNx_FD_FYP_Working_archive\Result\Port2_p5(#0004).sct
C:\MetaSurfacesProject\CST\Inital Attempts\Visible_SiNx_FD_FYP_Working_archive\Result\Port2_p5(#0005).sct
C:\MetaSurfacesProject\CST\Inital Attempts\Visible_SiNx_FD_FYP_Working_archive\Result\Port2_p6(#0000).sct
C:\MetaSurfacesProject\CST\Inital Attempts\Visible_SiNx_FD_FYP_Working_archive\Result\Port2_p6(#0001).sct
C:\MetaSurfacesProject\CST\Inital Attempts\Visible_SiNx_FD_FYP_Working_archive\Result\Port2_p6(#0002).sct
C:\MetaSurfacesProject\CST\Inital Attempts\Visible_SiNx_FD_FYP_Working_archive\Result\Port2_p6(#0003).sct
C:\MetaSurfacesProject\CST\Inital Attempts\Visible_SiNx_FD_FYP_Working_archive\Result\Port2_p6(#0004).sct
C:\MetaSurfacesProject\CST\Inital Attempts\Visible_SiNx_FD_FYP_Working_archive\Result\Port2_p6(#0005).sct
C:\MetaSurfacesProject\CST\Inital Attempts\Visible_SiNx_FD_FYP_Working_archive\Result\Port2_pInfo1(#0000).pmf
C:\MetaSurfacesProject\CST\Inital Attempts\Visible_SiNx_FD_FYP_Working_archive\Result\Port2_pInfo1(#0001).pmf
C:\MetaSurfacesProject\CST\Inital Attempts\Visible_SiNx_FD_FYP_Working_archive\Result\Port2_pInfo1(#0002).pmf
C:\MetaSurfacesProject\CST\Inital Attempts\Visible_SiNx_FD_FYP_Working_archive\Result\Port2_pInfo1(#0003).pmf
C:\MetaSurfacesProject\CST\Inital Attempts\Visible_SiNx_FD_FYP_Working_archive\Result\Port2_pInfo1(#0004).pmf
C:\MetaSurfacesProject\CST\Inital Attempts\Visible_SiNx_FD_FYP_Working_archive\Result\Port2_pInfo1(#0005).pmf
C:\MetaSurfacesProject\CST\Inital Attempts\Visible_SiNx_FD_FYP_Working_archive\Result\Port2_pInfo2(#0000).pmf
C:\MetaSurfacesProject\CST\Inital Attempts\Visible_SiNx_FD_FYP_Working_archive\Result\Port2_pInfo2(#0001).pmf
C:\MetaSurfacesProject\CST\Inital Attempts\Visible_SiNx_FD_FYP_Working_archive\Result\Port2_pInfo2(#0002).pmf
C:\MetaSurfacesProject\CST\Inital Attempts\Visible_SiNx_FD_FYP_Working_archive\Result\Port2_pInfo2(#0003).pmf
C:\MetaSurfacesProject\CST\Inital Attempts\Visible_SiNx_FD_FYP_Working_archive\Result\Port2_pInfo2(#0004).pmf
C:\MetaSurfacesProject\CST\Inital Attempts\Visible_SiNx_FD_FYP_Working_archive\Result\Port2_pInfo2(#0005).pmf
C:\MetaSurfacesProject\CST\Inital Attempts\Visible_SiNx_FD_FYP_Working_archive\Result\Port2_pInfo3(#0000).pmf
C:\MetaSurfacesProject\CST\Inital Attempts\Visible_SiNx_FD_FYP_Working_archive\Result\Port2_pInfo3(#0001).pmf
C:\MetaSurfacesProject\CST\Inital Attempts\Visible_SiNx_FD_FYP_Working_archive\Result\Port2_pInfo3(#0002).pmf
C:\MetaSurfacesProject\CST\Inital Attempts\Visible_SiNx_FD_FYP_Working_archive\Result\Port2_pInfo3(#0003).pmf
C:\MetaSurfacesProject\CST\Inital Attempts\Visible_SiNx_FD_FYP_Working_archive\Result\Port2_pInfo3(#0004).pmf
C:\MetaSurfacesProject\CST\Inital Attempts\Visible_SiNx_FD_FYP_Working_archive\Result\Port2_pInfo3(#0005).pmf
C:\MetaSurfacesProject\CST\Inital Attempts\Visible_SiNx_FD_FYP_Working_archive\Result\Port2_pInfo4(#0000).pmf
C:\MetaSurfacesProject\CST\Inital Attempts\Visible_SiNx_FD_FYP_Working_archive\Result\Port2_pInfo4(#0001).pmf
C:\MetaSurfacesProject\CST\Inital Attempts\Visible_SiNx_FD_FYP_Working_archive\Result\Port2_pInfo4(#0002).pmf
C:\MetaSurfacesProject\CST\Inital Attempts\Visible_SiNx_FD_FYP_Working_archive\Result\Port2_pInfo4(#0003).pmf
C:\MetaSurfacesProject\CST\Inital Attempts\Visible_SiNx_FD_FYP_Working_archive\Result\Port2_pInfo4(#0004).pmf
C:\MetaSurfacesProject\CST\Inital Attempts\Visible_SiNx_FD_FYP_Working_archive\Result\Port2_pInfo4(#0005).pmf
C:\MetaSurfacesProject\CST\Inital Attempts\Visible_SiNx_FD_FYP_Working_archive\Result\Port2_pInfo5(#0000).pmf
C:\MetaSurfacesProject\CST\Inital Attempts\Visible_SiNx_FD_FYP_Working_archive\Result\Port2_pInfo5(#0001).pmf
C:\MetaSurfacesProject\CST\Inital Attempts\Visible_SiNx_FD_FYP_Working_archive\Result\Port2_pInfo5(#0002).pmf
C:\MetaSurfacesProject\CST\Inital Attempts\Visible_SiNx_FD_FYP_Working_archive\Result\Port2_pInfo5(#0003).pmf
C:\MetaSurfacesProject\CST\Inital Attempts\Visible_SiNx_FD_FYP_Working_archive\Result\Port2_pInfo5(#0004).pmf
C:\MetaSurfacesProject\CST\Inital Attempts\Visible_SiNx_FD_FYP_Working_archive\Result\Port2_pInfo5(#0005).pmf
C:\MetaSurfacesProject\CST\Inital Attempts\Visible_SiNx_FD_FYP_Working_archive\Result\Port2_pInfo6(#0000).pmf
C:\MetaSurfacesProject\CST\Inital Attempts\Visible_SiNx_FD_FYP_Working_archive\Result\Port2_pInfo6(#0001).pmf
C:\MetaSurfacesProject\CST\Inital Attempts\Visible_SiNx_FD_FYP_Working_archive\Result\Port2_pInfo6(#0002).pmf
C:\MetaSurfacesProject\CST\Inital Attempts\Visible_SiNx_FD_FYP_Working_archive\Result\Port2_pInfo6(#0003).pmf
C:\MetaSurfacesProject\CST\Inital Attempts\Visible_SiNx_FD_FYP_Working_archive\Result\Port2_pInfo6(#0004).pmf
C:\MetaSurfacesProject\CST\Inital Attempts\Visible_SiNx_FD_FYP_Working_archive\Result\Port2_pInfo6(#0005).pmf
C:\MetaSurfacesProject\CST\Inital Attempts\Visible_SiNx_FD_FYP_Working_archive\Result\Port2_pout1(#0000).sct
C:\MetaSurfacesProject\CST\Inital Attempts\Visible_SiNx_FD_FYP_Working_archive\Result\Port2_pout1(#0001).sct
C:\MetaSurfacesProject\CST\Inital Attempts\Visible_SiNx_FD_FYP_Working_archive\Result\Port2_pout1(#0002).sct
C:\MetaSurfacesProject\CST\Inital Attempts\Visible_SiNx_FD_FYP_Working_archive\Result\Port2_pout1(#0003).sct
C:\MetaSurfacesProject\CST\Inital Attempts\Visible_SiNx_FD_FYP_Working_archive\Result\Port2_pout1(#0004).sct
C:\MetaSurfacesProject\CST\Inital Attempts\Visible_SiNx_FD_FYP_Working_archive\Result\Port2_pout1(#0005).sct
C:\MetaSurfacesProject\CST\Inital Attempts\Visible_SiNx_FD_FYP_Working_archive\Result\Port2_pout2(#0000).sct
C:\MetaSurfacesProject\CST\Inital Attempts\Visible_SiNx_FD_FYP_Working_archive\Result\Port2_pout2(#0001).sct
C:\MetaSurfacesProject\CST\Inital Attempts\Visible_SiNx_FD_FYP_Working_archive\Result\Port2_pout2(#0002).sct
C:\MetaSurfacesProject\CST\Inital Attempts\Visible_SiNx_FD_FYP_Working_archive\Result\Port2_pout2(#0003).sct
C:\MetaSurfacesProject\CST\Inital Attempts\Visible_SiNx_FD_FYP_Working_archive\Result\Port2_pout2(#0004).sct
C:\MetaSurfacesProject\CST\Inital Attempts\Visible_SiNx_FD_FYP_Working_archive\Result\Port2_pout2(#0005).sct
C:\MetaSurfacesProject\CST\Inital Attempts\Visible_SiNx_FD_FYP_Working_archive\Result\Port2_pout3(#0000).sct
C:\MetaSurfacesProject\CST\Inital Attempts\Visible_SiNx_FD_FYP_Working_archive\Result\Port2_pout3(#0001).sct
C:\MetaSurfacesProject\CST\Inital Attempts\Visible_SiNx_FD_FYP_Working_archive\Result\Port2_pout3(#0002).sct
C:\MetaSurfacesProject\CST\Inital Attempts\Visible_SiNx_FD_FYP_Working_archive\Result\Port2_pout3(#0003).sct
C:\MetaSurfacesProject\CST\Inital Attempts\Visible_SiNx_FD_FYP_Working_archive\Result\Port2_pout3(#0004).sct
C:\MetaSurfacesProject\CST\Inital Attempts\Visible_SiNx_FD_FYP_Working_archive\Result\Port2_pout3(#0005).sct
C:\MetaSurfacesProject\CST\Inital Attempts\Visible_SiNx_FD_FYP_Working_archive\Result\Port2_pout4(#0000).sct
C:\MetaSurfacesProject\CST\Inital Attempts\Visible_SiNx_FD_FYP_Working_archive\Result\Port2_pout4(#0001).sct
C:\MetaSurfacesProject\CST\Inital Attempts\Visible_SiNx_FD_FYP_Working_archive\Result\Port2_pout4(#0002).sct
C:\MetaSurfacesProject\CST\Inital Attempts\Visible_SiNx_FD_FYP_Working_archive\Result\Port2_pout4(#0003).sct
C:\MetaSurfacesProject\CST\Inital Attempts\Visible_SiNx_FD_FYP_Working_archive\Result\Port2_pout4(#0004).sct
C:\MetaSurfacesProject\CST\Inital Attempts\Visible_SiNx_FD_FYP_Working_archive\Result\Port2_pout4(#0005).sct
C:\MetaSurfacesProject\CST\Inital Attempts\Visible_SiNx_FD_FYP_Working_archive\Result\Port2_pout5(#0000).sct
C:\MetaSurfacesProject\CST\Inital Attempts\Visible_SiNx_FD_FYP_Working_archive\Result\Port2_pout5(#0001).sct
C:\MetaSurfacesProject\CST\Inital Attempts\Visible_SiNx_FD_FYP_Working_archive\Result\Port2_pout5(#0002).sct
C:\MetaSurfacesProject\CST\Inital Attempts\Visible_SiNx_FD_FYP_Working_archive\Result\Port2_pout5(#0003).sct
C:\MetaSurfacesProject\CST\Inital Attempts\Visible_SiNx_FD_FYP_Working_archive\Result\Port2_pout5(#0004).sct
C:\MetaSurfacesProject\CST\Inital Attempts\Visible_SiNx_FD_FYP_Working_archive\Result\Port2_pout5(#0005).sct
C:\MetaSurfacesProject\CST\Inital Attempts\Visible_SiNx_FD_FYP_Working_archive\Result\Port2_pout6(#0000).sct
C:\MetaSurfacesProject\CST\Inital Attempts\Visible_SiNx_FD_FYP_Working_archive\Result\Port2_pout6(#0001).sct
C:\MetaSurfacesProject\CST\Inital Attempts\Visible_SiNx_FD_FYP_Working_archive\Result\Port2_pout6(#0002).sct
C:\MetaSurfacesProject\CST\Inital Attempts\Visible_SiNx_FD_FYP_Working_archive\Result\Port2_pout6(#0003).sct
C:\MetaSurfacesProject\CST\Inital Attempts\Visible_SiNx_FD_FYP_Working_archive\Result\Port2_pout6(#0004).sct
C:\MetaSurfacesProject\CST\Inital Attempts\Visible_SiNx_FD_FYP_Working_archive\Result\Port2_pout6(#0005).sct
C:\MetaSurfacesProject\CST\Inital Attempts\Visible_SiNx_FD_FYP_Working_archive\Result\Postprocessing.log
C:\MetaSurfacesProject\CST\Inital Attempts\Visible_SiNx_FD_FYP_Working_archive\Result\SolCoef(#0000)_Zmax(1).scf
C:\MetaSurfacesProject\CST\Inital Attempts\Visible_SiNx_FD_FYP_Working_archive\Result\SolCoef(#0000)_Zmax(2).scf
C:\MetaSurfacesProject\CST\Inital Attempts\Visible_SiNx_FD_FYP_Working_archive\Result\SolCoef(#0000)_Zmax(3).scf
C:\MetaSurfacesProject\CST\Inital Attempts\Visible_SiNx_FD_FYP_Working_archive\Result\SolCoef(#0000)_Zmax(4).scf
C:\MetaSurfacesProject\CST\Inital Attempts\Visible_SiNx_FD_FYP_Working_archive\Result\SolCoef(#0000)_Zmax(5).scf
C:\MetaSurfacesProject\CST\Inital Attempts\Visible_SiNx_FD_FYP_Working_archive\Result\SolCoef(#0000)_Zmax(6).scf
C:\MetaSurfacesProject\CST\Inital Attempts\Visible_SiNx_FD_FYP_Working_archive\Result\SolCoef(#0000)_Zmin(1).scf
C:\MetaSurfacesProject\CST\Inital Attempts\Visible_SiNx_FD_FYP_Working_archive\Result\SolCoef(#0000)_Zmin(2).scf
C:\MetaSurfacesProject\CST\Inital Attempts\Visible_SiNx_FD_FYP_Working_archive\Result\SolCoef(#0000)_Zmin(3).scf
C:\MetaSurfacesProject\CST\Inital Attempts\Visible_SiNx_FD_FYP_Working_archive\Result\SolCoef(#0000)_Zmin(4).scf
C:\MetaSurfacesProject\CST\Inital Attempts\Visible_SiNx_FD_FYP_Working_archive\Result\SolCoef(#0000)_Zmin(5).scf
C:\MetaSurfacesProject\CST\Inital Attempts\Visible_SiNx_FD_FYP_Working_archive\Result\SolCoef(#0000)_Zmin(6).scf
C:\MetaSurfacesProject\CST\Inital Attempts\Visible_SiNx_FD_FYP_Working_archive\Result\SolCoef(#0001)_Zmax(1).scf
C:\MetaSurfacesProject\CST\Inital Attempts\Visible_SiNx_FD_FYP_Working_archive\Result\SolCoef(#0001)_Zmax(2).scf
C:\MetaSurfacesProject\CST\Inital Attempts\Visible_SiNx_FD_FYP_Working_archive\Result\SolCoef(#0001)_Zmax(3).scf
C:\MetaSurfacesProject\CST\Inital Attempts\Visible_SiNx_FD_FYP_Working_archive\Result\SolCoef(#0001)_Zmax(4).scf
C:\MetaSurfacesProject\CST\Inital Attempts\Visible_SiNx_FD_FYP_Working_archive\Result\SolCoef(#0001)_Zmax(5).scf
C:\MetaSurfacesProject\CST\Inital Attempts\Visible_SiNx_FD_FYP_Working_archive\Result\SolCoef(#0001)_Zmax(6).scf
C:\MetaSurfacesProject\CST\Inital Attempts\Visible_SiNx_FD_FYP_Working_archive\Result\SolCoef(#0001)_Zmin(1).scf
C:\MetaSurfacesProject\CST\Inital Attempts\Visible_SiNx_FD_FYP_Working_archive\Result\SolCoef(#0001)_Zmin(2).scf
C:\MetaSurfacesProject\CST\Inital Attempts\Visible_SiNx_FD_FYP_Working_archive\Result\SolCoef(#0001)_Zmin(3).scf
C:\MetaSurfacesProject\CST\Inital Attempts\Visible_SiNx_FD_FYP_Working_archive\Result\SolCoef(#0001)_Zmin(4).scf
C:\MetaSurfacesProject\CST\Inital Attempts\Visible_SiNx_FD_FYP_Working_archive\Result\SolCoef(#0001)_Zmin(5).scf
C:\MetaSurfacesProject\CST\Inital Attempts\Visible_SiNx_FD_FYP_Working_archive\Result\SolCoef(#0001)_Zmin(6).scf
C:\MetaSurfacesProject\CST\Inital Attempts\Visible_SiNx_FD_FYP_Working_archive\Result\SolCoef(#0002)_Zmax(1).scf
C:\MetaSurfacesProject\CST\Inital Attempts\Visible_SiNx_FD_FYP_Working_archive\Result\SolCoef(#0002)_Zmax(2).scf
C:\MetaSurfacesProject\CST\Inital Attempts\Visible_SiNx_FD_FYP_Working_archive\Result\SolCoef(#0002)_Zmax(3).scf
C:\MetaSurfacesProject\CST\Inital Attempts\Visible_SiNx_FD_FYP_Working_archive\Result\SolCoef(#0002)_Zmax(4).scf
C:\MetaSurfacesProject\CST\Inital Attempts\Visible_SiNx_FD_FYP_Working_archive\Result\SolCoef(#0002)_Zmax(5).scf
C:\MetaSurfacesProject\CST\Inital Attempts\Visible_SiNx_FD_FYP_Working_archive\Result\SolCoef(#0002)_Zmax(6).scf
C:\MetaSurfacesProject\CST\Inital Attempts\Visible_SiNx_FD_FYP_Working_archive\Result\SolCoef(#0002)_Zmin(1).scf
C:\MetaSurfacesProject\CST\Inital Attempts\Visible_SiNx_FD_FYP_Working_archive\Result\SolCoef(#0002)_Zmin(2).scf
C:\MetaSurfacesProject\CST\Inital Attempts\Visible_SiNx_FD_FYP_Working_archive\Result\SolCoef(#0002)_Zmin(3).scf
C:\MetaSurfacesProject\CST\Inital Attempts\Visible_SiNx_FD_FYP_Working_archive\Result\SolCoef(#0002)_Zmin(4).scf
C:\MetaSurfacesProject\CST\Inital Attempts\Visible_SiNx_FD_FYP_Working_archive\Result\SolCoef(#0002)_Zmin(5).scf
C:\MetaSurfacesProject\CST\Inital Attempts\Visible_SiNx_FD_FYP_Working_archive\Result\SolCoef(#0002)_Zmin(6).scf
C:\MetaSurfacesProject\CST\Inital Attempts\Visible_SiNx_FD_FYP_Working_archive\Result\SolCoef(#0003)_Zmax(1).scf
C:\MetaSurfacesProject\CST\Inital Attempts\Visible_SiNx_FD_FYP_Working_archive\Result\SolCoef(#0003)_Zmax(2).scf
C:\MetaSurfacesProject\CST\Inital Attempts\Visible_SiNx_FD_FYP_Working_archive\Result\SolCoef(#0003)_Zmax(3).scf
C:\MetaSurfacesProject\CST\Inital Attempts\Visible_SiNx_FD_FYP_Working_archive\Result\SolCoef(#0003)_Zmax(4).scf
C:\MetaSurfacesProject\CST\Inital Attempts\Visible_SiNx_FD_FYP_Working_archive\Result\SolCoef(#0003)_Zmax(5).scf
C:\MetaSurfacesProject\CST\Inital Attempts\Visible_SiNx_FD_FYP_Working_archive\Result\SolCoef(#0003)_Zmax(6).scf
C:\MetaSurfacesProject\CST\Inital Attempts\Visible_SiNx_FD_FYP_Working_archive\Result\SolCoef(#0003)_Zmin(1).scf
C:\MetaSurfacesProject\CST\Inital Attempts\Visible_SiNx_FD_FYP_Working_archive\Result\SolCoef(#0003)_Zmin(2).scf
C:\MetaSurfacesProject\CST\Inital Attempts\Visible_SiNx_FD_FYP_Working_archive\Result\SolCoef(#0003)_Zmin(3).scf
C:\MetaSurfacesProject\CST\Inital Attempts\Visible_SiNx_FD_FYP_Working_archive\Result\SolCoef(#0003)_Zmin(4).scf
C:\MetaSurfacesProject\CST\Inital Attempts\Visible_SiNx_FD_FYP_Working_archive\Result\SolCoef(#0003)_Zmin(5).scf
C:\MetaSurfacesProject\CST\Inital Attempts\Visible_SiNx_FD_FYP_Working_archive\Result\SolCoef(#0003)_Zmin(6).scf
C:\MetaSurfacesProject\CST\Inital Attempts\Visible_SiNx_FD_FYP_Working_archive\Result\SolCoef(#0004)_Zmax(1).scf
C:\MetaSurfacesProject\CST\Inital Attempts\Visible_SiNx_FD_FYP_Working_archive\Result\SolCoef(#0004)_Zmax(2).scf
C:\MetaSurfacesProject\CST\Inital Attempts\Visible_SiNx_FD_FYP_Working_archive\Result\SolCoef(#0004)_Zmax(3).scf
C:\MetaSurfacesProject\CST\Inital Attempts\Visible_SiNx_FD_FYP_Working_archive\Result\SolCoef(#0004)_Zmax(4).scf
C:\MetaSurfacesProject\CST\Inital Attempts\Visible_SiNx_FD_FYP_Working_archive\Result\SolCoef(#0004)_Zmax(5).scf
C:\MetaSurfacesProject\CST\Inital Attempts\Visible_SiNx_FD_FYP_Working_archive\Result\SolCoef(#0004)_Zmax(6).scf
C:\MetaSurfacesProject\CST\Inital Attempts\Visible_SiNx_FD_FYP_Working_archive\Result\SolCoef(#0004)_Zmin(1).scf
C:\MetaSurfacesProject\CST\Inital Attempts\Visible_SiNx_FD_FYP_Working_archive\Result\SolCoef(#0004)_Zmin(2).scf
C:\MetaSurfacesProject\CST\Inital Attempts\Visible_SiNx_FD_FYP_Working_archive\Result\SolCoef(#0004)_Zmin(3).scf
C:\MetaSurfacesProject\CST\Inital Attempts\Visible_SiNx_FD_FYP_Working_archive\Result\SolCoef(#0004)_Zmin(4).scf
C:\MetaSurfacesProject\CST\Inital Attempts\Visible_SiNx_FD_FYP_Working_archive\Result\SolCoef(#0004)_Zmin(5).scf
C:\MetaSurfacesProject\CST\Inital Attempts\Visible_SiNx_FD_FYP_Working_archive\Result\SolCoef(#0004)_Zmin(6).scf
C:\MetaSurfacesProject\CST\Inital Attempts\Visible_SiNx_FD_FYP_Working_archive\Result\SolCoef(#0005)_Zmax(1).scf
C:\MetaSurfacesProject\CST\Inital Attempts\Visible_SiNx_FD_FYP_Working_archive\Result\SolCoef(#0005)_Zmax(2).scf
C:\MetaSurfacesProject\CST\Inital Attempts\Visible_SiNx_FD_FYP_Working_archive\Result\SolCoef(#0005)_Zmax(3).scf
C:\MetaSurfacesProject\CST\Inital Attempts\Visible_SiNx_FD_FYP_Working_archive\Result\SolCoef(#0005)_Zmax(4).scf
C:\MetaSurfacesProject\CST\Inital Attempts\Visible_SiNx_FD_FYP_Working_archive\Result\SolCoef(#0005)_Zmax(5).scf
C:\MetaSurfacesProject\CST\Inital Attempts\Visible_SiNx_FD_FYP_Working_archive\Result\SolCoef(#0005)_Zmax(6).scf
C:\MetaSurfacesProject\CST\Inital Attempts\Visible_SiNx_FD_FYP_Working_archive\Result\SolCoef(#0005)_Zmin(1).scf
C:\MetaSurfacesProject\CST\Inital Attempts\Visible_SiNx_FD_FYP_Working_archive\Result\SolCoef(#0005)_Zmin(2).scf
C:\MetaSurfacesProject\CST\Inital Attempts\Visible_SiNx_FD_FYP_Working_archive\Result\SolCoef(#0005)_Zmin(3).scf
C:\MetaSurfacesProject\CST\Inital Attempts\Visible_SiNx_FD_FYP_Working_archive\Result\SolCoef(#0005)_Zmin(4).scf
C:\MetaSurfacesProject\CST\Inital Attempts\Visible_SiNx_FD_FYP_Working_archive\Result\SolCoef(#0005)_Zmin(5).scf
C:\MetaSurfacesProject\CST\Inital Attempts\Visible_SiNx_FD_FYP_Working_archive\Result\SolCoef(#0005)_Zmin(6).scf
Mesh:
C:\MetaSurfacesProject\CST\Inital Attempts\Visible_SiNx_FD_FYP_Working_archive\Result\3do.slim
C:\MetaSurfacesProject\CST\Inital Attempts\Visible_SiNx_FD_FYP_Working_archive\Result\bad0.tet
C:\MetaSurfacesProject\CST\Inital Attempts\Visible_SiNx_FD_FYP_Working_archive\Result\log.tet
C:\MetaSurfacesProject\CST\Inital Attempts\Visible_SiNx_FD_FYP_Working_archive\Result\Mesh_Input.Entities2Mesh.tet
C:\MetaSurfacesProject\CST\Inital Attempts\Visible_SiNx_FD_FYP_Working_archive\Result\Mesh_Input.Options.tet
C:\MetaSurfacesProject\CST\Inital Attempts\Visible_SiNx_FD_FYP_Working_archive\Result\Mesh_Input.QuasiModel.tet
C:\MetaSurfacesProject\CST\Inital Attempts\Visible_SiNx_FD_FYP_Working_archive\Result\Mesh_Output.QuasiModel.tet
C:\MetaSurfacesProject\CST\Inital Attempts\Visible_SiNx_FD_FYP_Working_archive\Result\Mesh_Output.U2F.tet
C:\MetaSurfacesProject\CST\Inital Attempts\Visible_SiNx_FD_FYP_Working_archive\Result\mir.tet
C:\MetaSurfacesProject\CST\Inital Attempts\Visible_SiNx_FD_FYP_Working_archive\Result\moegeom.tet
C:\MetaSurfacesProject\CST\Inital Attempts\Visible_SiNx_FD_FYP_Working_archive\Result\Port1.slim
C:\MetaSurfacesProject\CST\Inital Attempts\Visible_SiNx_FD_FYP_Working_archive\Result\Port2.slim
C:\MetaSurfacesProject\CST\Inital Attempts\Visible_SiNx_FD_FYP_Working_archive\Result\refinementparents.tet
C:\MetaSurfacesProject\CST\Inital Attempts\Visible_SiNx_FD_FYP_Working_archive\Result\reftags.tet
C:\MetaSurfacesProject\CST\Inital Attempts\Visible_SiNx_FD_FYP_Working_archive\Result\tetquality.tet
C:\MetaSurfacesProject\CST\Inital Attempts\Visible_SiNx_FD_FYP_Working_archive\Result\topot.tet
Port:
C:\MetaSurfacesProject\CST\Inital Attempts\Visible_SiNx_FD_FYP_Working_archive\Result\Model.pmi
